16:01:03.230  INFO  manager.ApplicationManager - All Tests run in Chrome Driver ------>
16:01:14.299  INFO  manager.ApplicationManager - Current Url --->https://ilcarro-1578153671498.web.app/search
16:01:14.812  INFO  tests.TestBase - Start test with name ---->addNewCarSuccsess
16:01:14.821  INFO  manager.MyListener - New Before find by --> By.cssSelector: a[href^='/logout']
16:01:20.117  INFO  manager.MyListener - WebDriver start find element -->By.xpath: //a[text()=' Log in ']
16:01:21.702  INFO  manager.MyListener - WebDriver start find element -->By.id: email
16:01:23.297  INFO  manager.MyListener - WebDriver start find element -->By.id: password
16:01:23.995  INFO  manager.MyListener - WebDriver start find element -->By.cssSelector: button[type='submit']
16:01:24.603  INFO  manager.MyListener - WebDriver start find element -->By.cssSelector: button[type='submit']
16:01:25.932  INFO  manager.MyListener - New Before find by --> By.xpath: //button[text()='Ok']
16:01:26.785  INFO  manager.MyListener - WebDriver start find element -->By.xpath: //button[text()='Ok']
16:01:27.285  INFO  manager.MyListener - WebDriver start find element -->By.id: 1
16:01:28.985  INFO  manager.MyListener - WebDriver start find element -->By.id: pickUpPlace
16:01:30.063  INFO  manager.MyListener - WebDriver start find element -->By.cssSelector: div.pac-item
16:01:32.164  INFO  manager.MyListener - WebDriver start find element -->By.id: make
16:01:32.614  INFO  manager.MyListener - WebDriver start find element -->By.id: model
16:01:33.100  INFO  manager.MyListener - WebDriver start find element -->By.id: year
16:01:33.605  INFO  manager.MyListener - WebDriver start find element -->By.id: engine
16:01:34.048  INFO  manager.MyListener - WebDriver start find element -->By.id: fuel
16:01:34.506  INFO  manager.MyListener - WebDriver start find element -->By.id: gear
16:01:35.005  INFO  manager.MyListener - WebDriver start find element -->By.id: wheelsDrive
16:01:35.475  INFO  manager.MyListener - WebDriver start find element -->By.id: doors
16:01:35.952  INFO  manager.MyListener - WebDriver start find element -->By.id: seats
16:01:36.392  INFO  manager.MyListener - WebDriver start find element -->By.id: class
16:01:36.884  INFO  manager.MyListener - WebDriver start find element -->By.id: fuelConsumption
16:01:37.355  INFO  manager.MyListener - WebDriver start find element -->By.id: serialNumber
16:01:38.016  INFO  manager.MyListener - WebDriver start find element -->By.id: price
16:01:38.583  INFO  manager.MyListener - WebDriver start find element -->By.id: distance
16:01:39.160  INFO  manager.MyListener - WebDriver start find element -->By.cssSelector: input[placeholder='Type feature']
16:01:39.713  INFO  manager.MyListener - WebDriver start find element -->By.id: about
16:01:40.998  INFO  manager.MyListener - WebDriver start find element -->By.id: photos
16:01:41.501  INFO  manager.MyListener - WebDriver start find element -->By.cssSelector: button[type='submit']
16:01:43.619  INFO  manager.MyListener - WebDriver start find element -->By.cssSelector: button[type='submit']
16:01:46.047  INFO  manager.MyListener - WebDriver start find element -->By.cssSelector: div.dialog-container
16:01:46.226  INFO  manager.MyListener - WebDriver start find element -->By.cssSelector: div.dialog-container h1
16:01:46.439  INFO  manager.MyListener - WebDriver start find element -->By.xpath: //button[text()='Search cars']
16:01:46.900  INFO  tests.TestBase - Start test with name ---->loginSuccess
16:01:46.905  INFO  manager.MyListener - New Before find by --> By.cssSelector: a[href^='/logout']
16:01:47.177  INFO  manager.MyListener - WebDriver start find element -->By.cssSelector: a[href^='/logout']
16:01:47.982  INFO  tests.TestBase - Test start with logout
16:01:47.995  INFO  tests.TestBase - Test start with email : noa@gmail.com & password: Nnoa12345$
16:01:47.996  INFO  manager.MyListener - WebDriver start find element -->By.xpath: //a[text()=' Log in ']
16:01:48.418  INFO  manager.MyListener - WebDriver start find element -->By.id: email
16:01:50.401  INFO  manager.MyListener - WebDriver start find element -->By.id: password
16:01:50.866  INFO  manager.MyListener - WebDriver start find element -->By.cssSelector: button[type='submit']
16:01:51.016  INFO  manager.MyListener - WebDriver start find element -->By.cssSelector: button[type='submit']
16:01:51.337  INFO  tests.TestBase - Logged------>
16:01:53.370  INFO  manager.MyListener - WebDriver start find element -->By.cssSelector: div.dialog-container
16:01:53.642  INFO  manager.MyListener - WebDriver start find element -->By.cssSelector: div.dialog-container h1
16:01:53.712  INFO  manager.MyListener - New Before find by --> By.xpath: //button[text()='Ok']
16:01:53.831  INFO  manager.MyListener - WebDriver start find element -->By.xpath: //button[text()='Ok']
16:01:54.163  INFO  tests.TestBase - Start test with name ---->loginSuccess
16:01:54.169  INFO  manager.MyListener - New Before find by --> By.cssSelector: a[href^='/logout']
16:01:54.757  INFO  manager.MyListener - WebDriver start find element -->By.cssSelector: a[href^='/logout']
16:01:55.498  INFO  tests.TestBase - Test start with logout
16:01:55.502  INFO  tests.TestBase - Test start with email : tanya@gmail.ru & password: Ttanya123$
16:01:55.503  INFO  manager.MyListener - WebDriver start find element -->By.xpath: //a[text()=' Log in ']
16:01:55.931  INFO  manager.MyListener - WebDriver start find element -->By.id: email
16:01:58.152  INFO  manager.MyListener - WebDriver start find element -->By.id: password
16:01:58.587  INFO  manager.MyListener - WebDriver start find element -->By.cssSelector: button[type='submit']
16:01:58.765  INFO  manager.MyListener - WebDriver start find element -->By.cssSelector: button[type='submit']
16:01:59.121  INFO  tests.TestBase - Logged------>
16:02:01.123  INFO  manager.MyListener - WebDriver start find element -->By.cssSelector: div.dialog-container
16:02:01.254  INFO  manager.MyListener - WebDriver start find element -->By.cssSelector: div.dialog-container h1
16:02:01.340  INFO  manager.MyListener - New Before find by --> By.xpath: //button[text()='Ok']
16:02:01.378  INFO  manager.MyListener - WebDriver start find element -->By.xpath: //button[text()='Ok']
16:02:01.711  INFO  tests.TestBase - Start test with name ---->loginSuccess
16:02:01.716  INFO  manager.MyListener - New Before find by --> By.cssSelector: a[href^='/logout']
16:02:02.056  INFO  manager.MyListener - WebDriver start find element -->By.cssSelector: a[href^='/logout']
16:02:02.819  INFO  tests.TestBase - Test start with logout
16:02:02.824  INFO  tests.TestBase - Test start with email : noa@gmail.com & password: Nnoa12345$
16:02:02.825  INFO  manager.MyListener - WebDriver start find element -->By.xpath: //a[text()=' Log in ']
16:02:03.374  INFO  manager.MyListener - WebDriver start find element -->By.id: email
16:02:04.839  INFO  manager.MyListener - WebDriver start find element -->By.id: password
16:02:05.254  INFO  manager.MyListener - WebDriver start find element -->By.cssSelector: button[type='submit']
16:02:05.444  INFO  manager.MyListener - WebDriver start find element -->By.cssSelector: button[type='submit']
16:02:05.801  INFO  tests.TestBase - Logged------>
16:02:07.803  INFO  manager.MyListener - WebDriver start find element -->By.cssSelector: div.dialog-container
16:02:07.869  INFO  manager.MyListener - WebDriver start find element -->By.cssSelector: div.dialog-container h1
16:02:07.906  INFO  manager.MyListener - New Before find by --> By.xpath: //button[text()='Ok']
16:02:07.931  INFO  manager.MyListener - WebDriver start find element -->By.xpath: //button[text()='Ok']
16:02:08.212  INFO  tests.TestBase - Start test with name ---->loginSuccess
16:02:08.218  INFO  manager.MyListener - New Before find by --> By.cssSelector: a[href^='/logout']
16:02:08.548  INFO  manager.MyListener - WebDriver start find element -->By.cssSelector: a[href^='/logout']
16:02:09.276  INFO  tests.TestBase - Test start with logout
16:02:09.279  INFO  tests.TestBase - Test start with email : tanya@gmail.ru & password: Ttanya123$
16:02:09.285  INFO  manager.MyListener - WebDriver start find element -->By.xpath: //a[text()=' Log in ']
16:02:09.838  INFO  manager.MyListener - WebDriver start find element -->By.id: email
16:02:11.594  INFO  manager.MyListener - WebDriver start find element -->By.id: password
16:02:12.065  INFO  manager.MyListener - WebDriver start find element -->By.cssSelector: button[type='submit']
16:02:12.174  INFO  manager.MyListener - WebDriver start find element -->By.cssSelector: button[type='submit']
16:02:12.484  INFO  tests.TestBase - Logged------>
16:02:14.485  INFO  manager.MyListener - WebDriver start find element -->By.cssSelector: div.dialog-container
16:02:14.559  INFO  manager.MyListener - WebDriver start find element -->By.cssSelector: div.dialog-container h1
16:02:14.583  INFO  manager.MyListener - New Before find by --> By.xpath: //button[text()='Ok']
16:02:14.600  INFO  manager.MyListener - WebDriver start find element -->By.xpath: //button[text()='Ok']
16:02:14.842  INFO  tests.TestBase - Start test with name ---->loginSuccess2
16:02:14.843  INFO  manager.MyListener - New Before find by --> By.cssSelector: a[href^='/logout']
16:02:14.864  INFO  manager.MyListener - WebDriver start find element -->By.cssSelector: a[href^='/logout']
16:02:15.191  INFO  tests.TestBase - Test start with logout
16:02:15.195  INFO  manager.MyListener - WebDriver start find element -->By.xpath: //a[text()=' Log in ']
16:02:15.762  INFO  manager.MyListener - WebDriver start find element -->By.id: email
16:02:17.121  INFO  manager.MyListener - WebDriver start find element -->By.id: password
16:02:17.449  INFO  manager.MyListener - WebDriver start find element -->By.cssSelector: button[type='submit']
16:02:17.553  INFO  manager.MyListener - WebDriver start find element -->By.cssSelector: button[type='submit']
16:02:17.870  INFO  tests.TestBase - Logged------>
16:02:19.872  INFO  manager.MyListener - WebDriver start find element -->By.cssSelector: div.dialog-container
16:02:21.285  INFO  manager.MyListener - WebDriver start find element -->By.cssSelector: div.dialog-container h1
16:02:21.408  INFO  manager.MyListener - New Before find by --> By.xpath: //button[text()='Ok']
16:02:21.474  INFO  manager.MyListener - WebDriver start find element -->By.xpath: //button[text()='Ok']
16:02:21.944  INFO  tests.TestBase - Start test with name ---->loginSuccessDP
16:02:21.948  INFO  manager.MyListener - New Before find by --> By.cssSelector: a[href^='/logout']
16:02:22.637  INFO  manager.MyListener - WebDriver start find element -->By.cssSelector: a[href^='/logout']
16:02:23.216  INFO  tests.TestBase - Test start with logout
16:02:23.250  INFO  manager.MyListener - WebDriver start find element -->By.xpath: //a[text()=' Log in ']
16:02:23.592  INFO  manager.MyListener - WebDriver start find element -->By.id: email
16:02:23.965  INFO  manager.MyListener - WebDriver start find element -->By.id: password
16:02:24.461  INFO  manager.MyListener - WebDriver start find element -->By.cssSelector: button[type='submit']
16:02:24.710  INFO  manager.MyListener - WebDriver start find element -->By.cssSelector: button[type='submit']
16:02:25.110  INFO  tests.TestBase - Logged------>
16:02:27.114  INFO  manager.MyListener - WebDriver start find element -->By.cssSelector: div.dialog-container
16:02:29.566  INFO  manager.MyListener - WebDriver start find element -->By.cssSelector: div.dialog-container h1
16:02:29.665  INFO  manager.MyListener - New Before find by --> By.xpath: //button[text()='Ok']
16:02:29.732  INFO  manager.MyListener - WebDriver start find element -->By.xpath: //button[text()='Ok']
16:02:30.089  INFO  tests.TestBase - Start test with name ---->loginSuccessDP
16:02:30.094  INFO  manager.MyListener - New Before find by --> By.cssSelector: a[href^='/logout']
16:02:30.514  INFO  manager.MyListener - WebDriver start find element -->By.cssSelector: a[href^='/logout']
16:02:31.141  INFO  tests.TestBase - Test start with logout
16:02:31.144  INFO  manager.MyListener - WebDriver start find element -->By.xpath: //a[text()=' Log in ']
16:02:31.505  INFO  manager.MyListener - WebDriver start find element -->By.id: email
16:02:31.905  INFO  manager.MyListener - WebDriver start find element -->By.id: password
16:02:32.364  INFO  manager.MyListener - WebDriver start find element -->By.cssSelector: button[type='submit']
16:02:32.547  INFO  manager.MyListener - WebDriver start find element -->By.cssSelector: button[type='submit']
16:02:32.906  INFO  tests.TestBase - Logged------>
16:02:34.911  INFO  manager.MyListener - WebDriver start find element -->By.cssSelector: div.dialog-container
16:02:34.965  INFO  manager.MyListener - WebDriver start find element -->By.cssSelector: div.dialog-container h1
16:02:34.998  INFO  manager.MyListener - New Before find by --> By.xpath: //button[text()='Ok']
16:02:35.019  INFO  manager.MyListener - WebDriver start find element -->By.xpath: //button[text()='Ok']
16:02:35.266  INFO  tests.TestBase - Start test with name ---->loginSuccessDP
16:02:35.268  INFO  manager.MyListener - New Before find by --> By.cssSelector: a[href^='/logout']
16:02:35.335  INFO  manager.MyListener - WebDriver start find element -->By.cssSelector: a[href^='/logout']
16:02:35.692  INFO  tests.TestBase - Test start with logout
16:02:35.696  INFO  manager.MyListener - WebDriver start find element -->By.xpath: //a[text()=' Log in ']
16:02:36.157  INFO  manager.MyListener - WebDriver start find element -->By.id: email
16:02:36.678  INFO  manager.MyListener - WebDriver start find element -->By.id: password
16:02:37.176  INFO  manager.MyListener - WebDriver start find element -->By.cssSelector: button[type='submit']
16:02:37.346  INFO  manager.MyListener - WebDriver start find element -->By.cssSelector: button[type='submit']
16:02:37.663  INFO  tests.TestBase - Logged------>
16:02:39.665  INFO  manager.MyListener - WebDriver start find element -->By.cssSelector: div.dialog-container
16:02:40.113  INFO  manager.MyListener - WebDriver start find element -->By.cssSelector: div.dialog-container h1
16:02:40.221  INFO  manager.MyListener - New Before find by --> By.xpath: //button[text()='Ok']
16:02:40.283  INFO  manager.MyListener - WebDriver start find element -->By.xpath: //button[text()='Ok']
16:02:40.613  INFO  tests.TestBase - Start test with name ---->loginSuccessDP
16:02:40.617  INFO  manager.MyListener - New Before find by --> By.cssSelector: a[href^='/logout']
16:02:41.013  INFO  manager.MyListener - WebDriver start find element -->By.cssSelector: a[href^='/logout']
16:02:41.737  INFO  tests.TestBase - Test start with logout
16:02:41.743  INFO  manager.MyListener - WebDriver start find element -->By.xpath: //a[text()=' Log in ']
16:02:42.149  INFO  manager.MyListener - WebDriver start find element -->By.id: email
16:02:42.624  INFO  manager.MyListener - WebDriver start find element -->By.id: password
16:02:43.083  INFO  manager.MyListener - WebDriver start find element -->By.cssSelector: button[type='submit']
16:02:43.287  INFO  manager.MyListener - WebDriver start find element -->By.cssSelector: button[type='submit']
16:02:43.687  INFO  tests.TestBase - Logged------>
16:02:45.688  INFO  manager.MyListener - WebDriver start find element -->By.cssSelector: div.dialog-container
16:02:45.725  INFO  manager.MyListener - WebDriver start find element -->By.cssSelector: div.dialog-container h1
16:02:45.743  INFO  manager.MyListener - New Before find by --> By.xpath: //button[text()='Ok']
16:02:45.757  INFO  manager.MyListener - WebDriver start find element -->By.xpath: //button[text()='Ok']
16:02:46.001  INFO  tests.TestBase - Start test with name ---->registrationSuccess
16:02:46.004  INFO  manager.MyListener - New Before find by --> By.cssSelector: a[href^='/logout']
16:02:46.045  INFO  manager.MyListener - WebDriver start find element -->By.cssSelector: a[href^='/logout']
16:02:46.703  INFO  manager.MyListener - WebDriver start find element -->By.xpath: //a[text()=' Sign up ']
16:02:47.343  INFO  manager.MyListener - WebDriver start find element -->By.id: name
16:02:47.828  INFO  manager.MyListener - WebDriver start find element -->By.id: lastName
16:02:48.239  INFO  manager.MyListener - WebDriver start find element -->By.id: email
16:02:48.753  INFO  manager.MyListener - WebDriver start find element -->By.id: password
16:02:49.219  INFO  manager.MyListener - WebDriver start find element -->By.cssSelector: label[for='terms-of-use']
16:02:49.966  INFO  manager.MyListener - WebDriver start find element -->By.cssSelector: button[type='submit']
16:02:50.180  INFO  manager.MyListener - WebDriver start find element -->By.cssSelector: button[type='submit']
16:02:52.695  INFO  manager.MyListener - WebDriver start find element -->By.cssSelector: div.dialog-container
16:02:52.845  INFO  manager.MyListener - WebDriver start find element -->By.cssSelector: div.dialog-container h1
16:02:52.907  INFO  manager.MyListener - New Before find by --> By.xpath: //button[text()='Ok']
16:02:53.024  INFO  manager.MyListener - WebDriver start find element -->By.xpath: //button[text()='Ok']
16:02:53.393  INFO  tests.TestBase - Start test with name ---->registrationSuccess2
16:02:53.400  INFO  manager.MyListener - New Before find by --> By.cssSelector: a[href^='/logout']
16:02:53.835  INFO  manager.MyListener - WebDriver start find element -->By.cssSelector: a[href^='/logout']
16:02:54.696  INFO  manager.MyListener - WebDriver start find element -->By.xpath: //a[text()=' Sign up ']
16:02:55.117  INFO  manager.MyListener - WebDriver start find element -->By.id: name
16:02:55.515  INFO  manager.MyListener - WebDriver start find element -->By.id: lastName
16:02:55.933  INFO  manager.MyListener - WebDriver start find element -->By.id: email
16:02:56.440  INFO  manager.MyListener - WebDriver start find element -->By.id: password
16:02:58.900  INFO  manager.MyListener - WebDriver start find element -->By.cssSelector: label[for='terms-of-use']
16:02:59.294  INFO  manager.MyListener - WebDriver start find element -->By.cssSelector: button[type='submit']
16:02:59.352  INFO  manager.MyListener - WebDriver start find element -->By.cssSelector: button[type='submit']
16:03:03.610  INFO  manager.MyListener - WebDriver start find element -->By.cssSelector: div.dialog-container
16:03:03.695  INFO  manager.MyListener - WebDriver start find element -->By.cssSelector: div.dialog-container h1
16:03:03.741  INFO  manager.MyListener - New Before find by --> By.xpath: //button[text()='Ok']
16:03:03.757  INFO  manager.MyListener - WebDriver start find element -->By.xpath: //button[text()='Ok']
16:03:04.014  INFO  tests.TestBase - Start test with name ---->registrationSuccess2
16:03:04.016  INFO  manager.MyListener - New Before find by --> By.cssSelector: a[href^='/logout']
16:03:09.030  INFO  manager.MyListener - WebDriver start find element -->By.xpath: //a[text()=' Sign up ']
16:03:09.302  INFO  manager.MyListener - WebDriver start find element -->By.id: name
16:03:09.663  INFO  manager.MyListener - WebDriver start find element -->By.id: lastName
16:03:09.969  INFO  manager.MyListener - WebDriver start find element -->By.id: email
16:03:10.328  INFO  manager.MyListener - WebDriver start find element -->By.id: password
16:03:12.670  INFO  manager.MyListener - WebDriver start find element -->By.cssSelector: label[for='terms-of-use']
16:03:13.059  INFO  manager.MyListener - WebDriver start find element -->By.cssSelector: button[type='submit']
16:03:18.086  INFO  manager.MyListener - New Before find by --> By.xpath: //button[text()='Ok']
16:03:23.100  INFO  tests.TestBase - Start test with name ---->registrationSuccess2
16:03:23.102  INFO  manager.MyListener - New Before find by --> By.cssSelector: a[href^='/logout']
16:03:28.117  INFO  manager.MyListener - WebDriver start find element -->By.xpath: //a[text()=' Sign up ']
16:03:28.367  INFO  manager.MyListener - WebDriver start find element -->By.id: name
16:03:28.670  INFO  manager.MyListener - WebDriver start find element -->By.id: lastName
16:03:28.970  INFO  manager.MyListener - WebDriver start find element -->By.id: email
16:03:29.315  INFO  manager.MyListener - WebDriver start find element -->By.id: password
16:03:31.611  INFO  manager.MyListener - WebDriver start find element -->By.cssSelector: label[for='terms-of-use']
16:03:31.984  INFO  manager.MyListener - WebDriver start find element -->By.cssSelector: button[type='submit']
16:03:32.047  INFO  manager.MyListener - WebDriver start find element -->By.cssSelector: button[type='submit']
16:03:36.305  INFO  manager.MyListener - WebDriver start find element -->By.cssSelector: div.dialog-container
16:03:36.378  INFO  manager.MyListener - WebDriver start find element -->By.cssSelector: div.dialog-container h1
16:03:36.402  INFO  manager.MyListener - New Before find by --> By.xpath: //button[text()='Ok']
16:03:36.419  INFO  manager.MyListener - WebDriver start find element -->By.xpath: //button[text()='Ok']
16:03:36.661  INFO  tests.TestBase - Start test with name ---->registrationWrongPasswordFormatSize
16:03:36.662  INFO  manager.MyListener - New Before find by --> By.cssSelector: a[href^='/logout']
16:03:41.675  INFO  manager.MyListener - WebDriver start find element -->By.xpath: //a[text()=' Sign up ']
16:03:41.948  INFO  manager.MyListener - WebDriver start find element -->By.id: name
16:03:42.256  INFO  manager.MyListener - WebDriver start find element -->By.id: lastName
16:03:42.543  INFO  manager.MyListener - WebDriver start find element -->By.id: email
16:03:42.849  INFO  manager.MyListener - WebDriver start find element -->By.id: password
16:03:43.134  INFO  manager.MyListener - WebDriver start find element -->By.cssSelector: label[for='terms-of-use']
16:03:44.368  INFO  manager.MyListener - WebDriver start find element -->By.cssSelector: div.error div:last-child
16:03:49.406  INFO  manager.MyListener - The name of method with error -->findElement
16:03:49.407  INFO  manager.MyListener - We have a problem ---> org.openqa.selenium.NoSuchElementException: Unable to locate element: div.error div:last-child
For documentation on this error, please visit: https://selenium.dev/exceptions/#no_such_element
Build info: version: '4.2.2', revision: '683ccb65d6'
System info: host: 'ALEXPC', ip: '192.168.1.108', os.name: 'Windows 8.1', os.arch: 'amd64', os.version: '6.3', java.version: '11.0.15.1'
Driver info: org.openqa.selenium.firefox.FirefoxDriver
Command: [a042708b-59f7-4aa7-a06d-1dd7f570c569, findElement {using=css selector, value=div.error div:last-child}]
Capabilities {acceptInsecureCerts: true, browserName: firefox, browserVersion: 102.0.1, moz:accessibilityChecks: false, moz:buildID: 20220705093820, moz:debuggerAddress: localhost:52181, moz:geckodriverVersion: 0.31.0, moz:headless: false, moz:processID: 11696, moz:profile: C:\Users\alex\AppData\Local..., moz:shutdownTimeout: 60000, moz:useNonSpecCompliantPointerOrigin: false, moz:webdriverClick: true, moz:windowless: false, pageLoadStrategy: normal, platformName: WINDOWS, platformVersion: 6.3, proxy: Proxy(), se:cdp: ws://localhost:52181/devtoo..., se:cdpVersion: 85.0, setWindowRect: true, strictFileInteractability: false, timeouts: {implicit: 0, pageLoad: 300000, script: 30000}, unhandledPromptBehavior: dismiss and notify}
Session ID: a042708b-59f7-4aa7-a06d-1dd7f570c569
16:03:49.409  INFO  manager.MyListener - New Before find by --> By.xpath: //button[text()='Ok']
16:03:54.427  INFO  tests.TestBase - Start test with name ---->searchAnyPeriod
16:03:54.428  INFO  manager.MyListener - WebDriver start find element -->By.id: city
16:03:59.450  INFO  manager.MyListener - The name of method with error -->findElement
16:03:59.451  INFO  manager.MyListener - We have a problem ---> org.openqa.selenium.NoSuchElementException: Unable to locate element: #city
For documentation on this error, please visit: https://selenium.dev/exceptions/#no_such_element
Build info: version: '4.2.2', revision: '683ccb65d6'
System info: host: 'ALEXPC', ip: '192.168.1.108', os.name: 'Windows 8.1', os.arch: 'amd64', os.version: '6.3', java.version: '11.0.15.1'
Driver info: org.openqa.selenium.firefox.FirefoxDriver
Command: [a042708b-59f7-4aa7-a06d-1dd7f570c569, findElement {using=id, value=city}]
Capabilities {acceptInsecureCerts: true, browserName: firefox, browserVersion: 102.0.1, moz:accessibilityChecks: false, moz:buildID: 20220705093820, moz:debuggerAddress: localhost:52181, moz:geckodriverVersion: 0.31.0, moz:headless: false, moz:processID: 11696, moz:profile: C:\Users\alex\AppData\Local..., moz:shutdownTimeout: 60000, moz:useNonSpecCompliantPointerOrigin: false, moz:webdriverClick: true, moz:windowless: false, pageLoadStrategy: normal, platformName: WINDOWS, platformVersion: 6.3, proxy: Proxy(), se:cdp: ws://localhost:52181/devtoo..., se:cdpVersion: 85.0, setWindowRect: true, strictFileInteractability: false, timeouts: {implicit: 0, pageLoad: 300000, script: 30000}, unhandledPromptBehavior: dismiss and notify}
Session ID: a042708b-59f7-4aa7-a06d-1dd7f570c569
16:03:59.455  INFO  manager.MyListener - WebDriver start find element -->By.cssSelector: .logo
16:04:02.994  INFO  tests.TestBase - Start test with name ---->searchCurrentMonth
16:04:02.997  INFO  manager.MyListener - WebDriver start find element -->By.id: city
16:04:05.752  INFO  manager.MyListener - WebDriver start find element -->By.cssSelector: .pac-item
16:04:06.498  INFO  manager.MyListener - WebDriver start find element -->By.cssSelector: #dates
16:04:06.634  INFO  manager.MyListener - WebDriver start find element -->By.id: dates
16:04:07.830  INFO  manager.MyListener - WebDriver start find element -->By.xpath: //div[text()=' 27 ']
16:04:08.602  INFO  manager.MyListener - WebDriver start find element -->By.xpath: //div[text()=' 28 ']
16:04:09.315  INFO  manager.MyListener - WebDriver start find element -->By.cssSelector: button[type='submit']
16:04:09.483  INFO  manager.MyListener - WebDriver start find element -->By.cssSelector: button[type='submit']
16:04:10.255  INFO  manager.MyListener - New Before find by --> By.cssSelector: .car-img-container.ng-star-inserted
16:04:17.934  INFO  manager.MyListener - WebDriver start find element -->By.cssSelector: .logo
16:04:20.218  INFO  tests.TestBase - Start test with name ---->searchCurrentYear
16:04:20.221  INFO  manager.MyListener - WebDriver start find element -->By.id: city
16:04:23.797  INFO  manager.MyListener - WebDriver start find element -->By.cssSelector: .pac-item
16:04:24.536  INFO  manager.MyListener - WebDriver start find element -->By.cssSelector: #dates
16:04:24.589  INFO  manager.MyListener - WebDriver start find element -->By.id: dates
16:04:25.001  INFO  manager.MyListener - WebDriver start find element -->By.cssSelector: [aria-label='Next month']
16:04:25.303  INFO  manager.MyListener - WebDriver start find element -->By.xpath: //div[text()=' 10 ']
16:04:25.595  INFO  manager.MyListener - WebDriver start find element -->By.cssSelector: [aria-label='Next month']
16:04:25.914  INFO  manager.MyListener - WebDriver start find element -->By.cssSelector: [aria-label='Next month']
16:04:26.520  INFO  manager.MyListener - WebDriver start find element -->By.xpath: //div[text()=' 23 ']
16:04:27.409  INFO  manager.MyListener - WebDriver start find element -->By.cssSelector: button[type='submit']
16:04:27.664  INFO  manager.MyListener - WebDriver start find element -->By.cssSelector: button[type='submit']
16:04:28.592  INFO  manager.MyListener - New Before find by --> By.cssSelector: .car-img-container.ng-star-inserted
16:04:30.963  INFO  manager.MyListener - WebDriver start find element -->By.cssSelector: .logo
16:04:32.583  INFO  tests.TestBase - Start test with name ---->searchCurrentYearLocalDate
16:04:32.587  INFO  manager.MyListener - WebDriver start find element -->By.id: city
16:04:35.881  INFO  manager.MyListener - WebDriver start find element -->By.cssSelector: .pac-item
16:04:38.624  INFO  manager.MyListener - WebDriver start find element -->By.cssSelector: #dates
16:04:38.790  INFO  manager.MyListener - WebDriver start find element -->By.id: dates
16:04:39.612  INFO  manager.MyListener - WebDriver start find element -->By.cssSelector: [aria-label='Next month']
16:04:40.285  INFO  manager.MyListener - WebDriver start find element -->By.xpath: //div[text()=' 10 ']
16:04:41.091  INFO  manager.MyListener - WebDriver start find element -->By.cssSelector: [aria-label='Next month']
16:04:41.561  INFO  manager.MyListener - WebDriver start find element -->By.cssSelector: [aria-label='Next month']
16:04:41.952  INFO  manager.MyListener - WebDriver start find element -->By.xpath: //div[text()=' 23 ']
16:04:42.587  INFO  manager.MyListener - WebDriver start find element -->By.cssSelector: button[type='submit']
16:04:42.861  INFO  manager.MyListener - WebDriver start find element -->By.cssSelector: button[type='submit']
16:04:44.477  INFO  manager.MyListener - New Before find by --> By.cssSelector: .car-img-container.ng-star-inserted
16:04:50.920  INFO  manager.MyListener - WebDriver start find element -->By.cssSelector: .logo
16:04:53.186  INFO  tests.TestBase - Start test with name ---->searchPeriodPast
16:04:53.187  INFO  manager.MyListener - WebDriver start find element -->By.id: city
16:04:56.343  INFO  manager.MyListener - WebDriver start find element -->By.cssSelector: .pac-item
16:04:59.270  INFO  manager.MyListener - WebDriver start find element -->By.cssSelector: #dates
16:04:59.419  INFO  manager.MyListener - WebDriver start find element -->By.cssSelector: #dates
16:04:59.447  INFO  manager.MyListener - WebDriver start find element -->By.cssSelector: #dates
16:05:00.462  INFO  manager.MyListener - WebDriver start find element -->By.cssSelector: .cdk-overlay-container
16:05:00.941  INFO  manager.MyListener - WebDriver start find element -->By.cssSelector: button[type='submit']
16:05:01.713  INFO  manager.MyListener - WebDriver start find element -->By.cssSelector: [type='submit']
16:05:02.755  INFO  manager.MyListener - WebDriver start find element -->By.xpath: //div[@class='ng-star-inserted']
16:05:03.910  INFO  manager.MyListener - WebDriver start find element -->By.cssSelector: .logo
