20:45:37.660  INFO  manager.ApplicationManager - All Tests run in Chrome Driver ------>
20:46:37.332  INFO  manager.ApplicationManager - Current Url --->https://ilcarro-1578153671498.web.app/search
20:46:37.772  INFO  tests.TestBase - Start test with name ---->loginSuccess
20:46:37.788  INFO  manager.MyListener - New Before find by --> By.xpath: //a[text()=' Logout ']
20:46:42.929  INFO  tests.TestBase - Test start with email : noa@gmail.com & password: Nnoa12345$
20:46:42.940  INFO  manager.MyListener - WebDriver start find element -->By.xpath: //a[text()=' Log in ']
20:46:43.784  INFO  manager.MyListener - WebDriver start find element -->By.id: email
20:46:45.046  INFO  manager.MyListener - WebDriver start find element -->By.id: password
20:46:46.080  INFO  manager.MyListener - WebDriver start find element -->By.cssSelector: button[type='submit']
20:46:46.546  INFO  manager.MyListener - WebDriver start find element -->By.cssSelector: button[type='submit']
20:46:46.845  INFO  tests.TestBase - Logged------>
20:46:48.870  INFO  manager.MyListener - WebDriver start find element -->By.cssSelector: div.dialog-container
20:46:54.035  INFO  manager.MyListener - The name of method with error -->findElement
20:46:54.052  INFO  manager.MyListener - We have a problem ---> org.openqa.selenium.NoSuchElementException: no such element: Unable to locate element: {"method":"css selector","selector":"div.dialog-container"}
  (Session info: chrome=103.0.5060.114)
For documentation on this error, please visit: https://selenium.dev/exceptions/#no_such_element
Build info: version: '4.2.2', revision: '683ccb65d6'
System info: host: 'ALEXPC', ip: '192.168.1.108', os.name: 'Windows 8.1', os.arch: 'amd64', os.version: '6.3', java.version: '11.0.15.1'
Driver info: org.openqa.selenium.chrome.ChromeDriver
Command: [4438066197ed0780337649eca60662cb, findElement {using=css selector, value=div.dialog-container}]
Capabilities {acceptInsecureCerts: false, browserName: chrome, browserVersion: 103.0.5060.114, chrome: {chromedriverVersion: 103.0.5060.53 (a1711811edd7..., userDataDir: C:\Users\alex\AppData\Local...}, goog:chromeOptions: {debuggerAddress: localhost:49832}, networkConnectionEnabled: false, pageLoadStrategy: normal, platformName: WINDOWS, proxy: Proxy(), se:cdp: ws://localhost:49832/devtoo..., se:cdpVersion: 103.0.5060.114, setWindowRect: true, strictFileInteractability: false, timeouts: {implicit: 0, pageLoad: 300000, script: 30000}, unhandledPromptBehavior: dismiss and notify, webauthn:extension:credBlob: true, webauthn:extension:largeBlob: true, webauthn:virtualAuthenticators: true}
Session ID: 4438066197ed0780337649eca60662cb
20:46:54.074  INFO  manager.MyListener - New Before find by --> By.xpath: //button[text()='Ok']
20:46:58.354  INFO  manager.MyListener - WebDriver start find element -->By.xpath: //button[text()='Ok']
20:46:59.269  INFO  tests.TestBase - Start test with name ---->loginSuccess
20:46:59.276  INFO  manager.MyListener - New Before find by --> By.xpath: //a[text()=' Logout ']
20:47:00.376  INFO  manager.MyListener - WebDriver start find element -->By.xpath: //a[text()=' Logout ']
20:47:00.981  INFO  tests.TestBase - Test start with logout
20:47:00.984  INFO  tests.TestBase - Test start with email : tanya@gmail.ru & password: Ttanya123$
20:47:00.986  INFO  manager.MyListener - WebDriver start find element -->By.xpath: //a[text()=' Log in ']
20:47:01.299  INFO  manager.MyListener - WebDriver start find element -->By.id: email
20:47:02.341  INFO  manager.MyListener - WebDriver start find element -->By.id: password
20:47:03.514  INFO  manager.MyListener - WebDriver start find element -->By.cssSelector: button[type='submit']
20:47:03.772  INFO  manager.MyListener - WebDriver start find element -->By.cssSelector: button[type='submit']
20:47:04.010  INFO  tests.TestBase - Logged------>
20:47:06.018  INFO  manager.MyListener - WebDriver start find element -->By.cssSelector: div.dialog-container
20:47:06.203  INFO  manager.MyListener - WebDriver start find element -->By.cssSelector: div.dialog-container h1
20:47:06.516  INFO  manager.MyListener - New Before find by --> By.xpath: //button[text()='Ok']
20:47:06.641  INFO  manager.MyListener - WebDriver start find element -->By.xpath: //button[text()='Ok']
20:47:07.174  INFO  tests.TestBase - Start test with name ---->loginSuccess
20:47:07.185  INFO  manager.MyListener - New Before find by --> By.xpath: //a[text()=' Logout ']
20:47:08.192  INFO  manager.MyListener - WebDriver start find element -->By.xpath: //a[text()=' Logout ']
20:47:08.701  INFO  tests.TestBase - Test start with logout
20:47:08.708  INFO  tests.TestBase - Test start with email : noa@gmail.com & password: Nnoa12345$
20:47:08.709  INFO  manager.MyListener - WebDriver start find element -->By.xpath: //a[text()=' Log in ']
20:47:09.082  INFO  manager.MyListener - WebDriver start find element -->By.id: email
20:47:10.261  INFO  manager.MyListener - WebDriver start find element -->By.id: password
20:47:11.311  INFO  manager.MyListener - WebDriver start find element -->By.cssSelector: button[type='submit']
20:47:11.707  INFO  manager.MyListener - WebDriver start find element -->By.cssSelector: button[type='submit']
20:47:12.062  INFO  tests.TestBase - Logged------>
20:47:14.068  INFO  manager.MyListener - WebDriver start find element -->By.cssSelector: div.dialog-container
20:47:19.114  INFO  manager.MyListener - The name of method with error -->findElement
20:47:19.116  INFO  manager.MyListener - We have a problem ---> org.openqa.selenium.NoSuchElementException: no such element: Unable to locate element: {"method":"css selector","selector":"div.dialog-container"}
  (Session info: chrome=103.0.5060.114)
For documentation on this error, please visit: https://selenium.dev/exceptions/#no_such_element
Build info: version: '4.2.2', revision: '683ccb65d6'
System info: host: 'ALEXPC', ip: '192.168.1.108', os.name: 'Windows 8.1', os.arch: 'amd64', os.version: '6.3', java.version: '11.0.15.1'
Driver info: org.openqa.selenium.chrome.ChromeDriver
Command: [4438066197ed0780337649eca60662cb, findElement {using=css selector, value=div.dialog-container}]
Capabilities {acceptInsecureCerts: false, browserName: chrome, browserVersion: 103.0.5060.114, chrome: {chromedriverVersion: 103.0.5060.53 (a1711811edd7..., userDataDir: C:\Users\alex\AppData\Local...}, goog:chromeOptions: {debuggerAddress: localhost:49832}, networkConnectionEnabled: false, pageLoadStrategy: normal, platformName: WINDOWS, proxy: Proxy(), se:cdp: ws://localhost:49832/devtoo..., se:cdpVersion: 103.0.5060.114, setWindowRect: true, strictFileInteractability: false, timeouts: {implicit: 0, pageLoad: 300000, script: 30000}, unhandledPromptBehavior: dismiss and notify, webauthn:extension:credBlob: true, webauthn:extension:largeBlob: true, webauthn:virtualAuthenticators: true}
Session ID: 4438066197ed0780337649eca60662cb
20:47:19.132  INFO  manager.MyListener - New Before find by --> By.xpath: //button[text()='Ok']
20:47:21.234  INFO  manager.MyListener - WebDriver start find element -->By.xpath: //button[text()='Ok']
20:47:21.767  INFO  tests.TestBase - Start test with name ---->loginSuccess
20:47:21.772  INFO  manager.MyListener - New Before find by --> By.xpath: //a[text()=' Logout ']
20:47:22.538  INFO  manager.MyListener - WebDriver start find element -->By.xpath: //a[text()=' Logout ']
20:47:23.140  INFO  tests.TestBase - Test start with logout
20:47:23.145  INFO  tests.TestBase - Test start with email : tanya@gmail.ru & password: Ttanya123$
20:47:23.147  INFO  manager.MyListener - WebDriver start find element -->By.xpath: //a[text()=' Log in ']
20:47:23.551  INFO  manager.MyListener - WebDriver start find element -->By.id: email
20:47:25.144  INFO  manager.MyListener - WebDriver start find element -->By.id: password
20:47:26.635  INFO  manager.MyListener - WebDriver start find element -->By.cssSelector: button[type='submit']
20:47:26.854  INFO  manager.MyListener - WebDriver start find element -->By.cssSelector: button[type='submit']
20:47:27.086  INFO  tests.TestBase - Logged------>
20:47:29.089  INFO  manager.MyListener - WebDriver start find element -->By.cssSelector: div.dialog-container
20:47:29.325  INFO  manager.MyListener - WebDriver start find element -->By.cssSelector: div.dialog-container h1
20:47:29.468  INFO  manager.MyListener - New Before find by --> By.xpath: //button[text()='Ok']
20:47:29.523  INFO  manager.MyListener - WebDriver start find element -->By.xpath: //button[text()='Ok']
20:47:29.751  INFO  tests.TestBase - Start test with name ---->loginSuccess2
20:47:29.754  INFO  manager.MyListener - New Before find by --> By.xpath: //a[text()=' Logout ']
20:47:29.942  INFO  manager.MyListener - WebDriver start find element -->By.xpath: //a[text()=' Logout ']
20:47:31.073  INFO  tests.TestBase - Test start with logout
20:47:31.081  INFO  manager.MyListener - WebDriver start find element -->By.xpath: //a[text()=' Log in ']
20:47:31.527  INFO  manager.MyListener - WebDriver start find element -->By.id: email
20:47:32.657  INFO  manager.MyListener - WebDriver start find element -->By.id: password
20:47:33.489  INFO  manager.MyListener - WebDriver start find element -->By.cssSelector: button[type='submit']
20:47:33.777  INFO  manager.MyListener - WebDriver start find element -->By.cssSelector: button[type='submit']
20:47:36.042  INFO  manager.MyListener - WebDriver start find element -->By.cssSelector: div.dialog-container
20:47:36.379  INFO  manager.MyListener - WebDriver start find element -->By.cssSelector: div.dialog-container h1
20:47:36.664  INFO  manager.MyListener - New Before find by --> By.xpath: //button[text()='Ok']
20:47:36.752  INFO  manager.MyListener - WebDriver start find element -->By.xpath: //button[text()='Ok']
20:47:37.013  INFO  tests.TestBase - Start test with name ---->loginSuccessDP
20:47:37.019  INFO  manager.MyListener - New Before find by --> By.xpath: //a[text()=' Logout ']
20:47:37.203  INFO  manager.MyListener - WebDriver start find element -->By.xpath: //a[text()=' Logout ']
20:47:38.308  INFO  tests.TestBase - Test start with logout
20:47:38.381  INFO  manager.MyListener - WebDriver start find element -->By.xpath: //a[text()=' Log in ']
20:47:38.772  INFO  manager.MyListener - WebDriver start find element -->By.id: email
20:47:39.966  INFO  manager.MyListener - WebDriver start find element -->By.id: password
20:47:41.005  INFO  manager.MyListener - WebDriver start find element -->By.cssSelector: button[type='submit']
20:47:41.199  INFO  manager.MyListener - WebDriver start find element -->By.cssSelector: button[type='submit']
20:47:41.438  INFO  tests.TestBase - Logged------>
20:47:43.458  INFO  manager.MyListener - WebDriver start find element -->By.cssSelector: div.dialog-container
20:47:43.801  INFO  manager.MyListener - WebDriver start find element -->By.cssSelector: div.dialog-container h1
20:47:44.078  INFO  manager.MyListener - New Before find by --> By.xpath: //button[text()='Ok']
20:47:44.166  INFO  manager.MyListener - WebDriver start find element -->By.xpath: //button[text()='Ok']
20:47:44.464  INFO  tests.TestBase - Start test with name ---->loginSuccessDP
20:47:44.470  INFO  manager.MyListener - New Before find by --> By.xpath: //a[text()=' Logout ']
20:47:44.900  INFO  manager.MyListener - WebDriver start find element -->By.xpath: //a[text()=' Logout ']
20:47:45.748  INFO  tests.TestBase - Test start with logout
20:47:45.752  INFO  manager.MyListener - WebDriver start find element -->By.xpath: //a[text()=' Log in ']
20:47:46.177  INFO  manager.MyListener - WebDriver start find element -->By.id: email
20:47:47.320  INFO  manager.MyListener - WebDriver start find element -->By.id: password
20:47:48.141  INFO  manager.MyListener - WebDriver start find element -->By.cssSelector: button[type='submit']
20:47:48.469  INFO  manager.MyListener - WebDriver start find element -->By.cssSelector: button[type='submit']
20:47:48.855  INFO  tests.TestBase - Logged------>
20:47:50.856  INFO  manager.MyListener - WebDriver start find element -->By.cssSelector: div.dialog-container
20:47:50.961  INFO  manager.MyListener - WebDriver start find element -->By.cssSelector: div.dialog-container h1
20:47:51.070  INFO  manager.MyListener - New Before find by --> By.xpath: //button[text()='Ok']
20:47:51.124  INFO  manager.MyListener - WebDriver start find element -->By.xpath: //button[text()='Ok']
20:47:51.543  INFO  tests.TestBase - Start test with name ---->loginSuccessDP
20:47:51.547  INFO  manager.MyListener - New Before find by --> By.xpath: //a[text()=' Logout ']
20:47:52.138  INFO  manager.MyListener - WebDriver start find element -->By.xpath: //a[text()=' Logout ']
20:47:52.869  INFO  tests.TestBase - Test start with logout
20:47:52.874  INFO  manager.MyListener - WebDriver start find element -->By.xpath: //a[text()=' Log in ']
20:47:53.317  INFO  manager.MyListener - WebDriver start find element -->By.id: email
20:47:54.234  INFO  manager.MyListener - WebDriver start find element -->By.id: password
20:47:55.302  INFO  manager.MyListener - WebDriver start find element -->By.cssSelector: button[type='submit']
20:47:55.581  INFO  manager.MyListener - WebDriver start find element -->By.cssSelector: button[type='submit']
20:47:55.939  INFO  tests.TestBase - Logged------>
20:47:57.953  INFO  manager.MyListener - WebDriver start find element -->By.cssSelector: div.dialog-container
20:47:58.837  INFO  manager.MyListener - WebDriver start find element -->By.cssSelector: div.dialog-container h1
20:47:59.068  INFO  manager.MyListener - New Before find by --> By.xpath: //button[text()='Ok']
20:47:59.240  INFO  manager.MyListener - WebDriver start find element -->By.xpath: //button[text()='Ok']
20:47:59.702  INFO  tests.TestBase - Start test with name ---->loginSuccessDP
20:47:59.708  INFO  manager.MyListener - New Before find by --> By.xpath: //a[text()=' Logout ']
20:47:59.890  INFO  manager.MyListener - WebDriver start find element -->By.xpath: //a[text()=' Logout ']
20:48:01.039  INFO  tests.TestBase - Test start with logout
20:48:01.043  INFO  manager.MyListener - WebDriver start find element -->By.xpath: //a[text()=' Log in ']
20:48:01.602  INFO  manager.MyListener - WebDriver start find element -->By.id: email
20:48:02.998  INFO  manager.MyListener - WebDriver start find element -->By.id: password
20:48:04.457  INFO  manager.MyListener - WebDriver start find element -->By.cssSelector: button[type='submit']
20:48:04.760  INFO  manager.MyListener - WebDriver start find element -->By.cssSelector: button[type='submit']
20:48:05.078  INFO  tests.TestBase - Logged------>
20:48:07.086  INFO  manager.MyListener - WebDriver start find element -->By.cssSelector: div.dialog-container
20:48:07.632  INFO  manager.MyListener - WebDriver start find element -->By.cssSelector: div.dialog-container h1
20:48:07.970  INFO  manager.MyListener - New Before find by --> By.xpath: //button[text()='Ok']
20:48:08.052  INFO  manager.MyListener - WebDriver start find element -->By.xpath: //button[text()='Ok']
