20:58:20.832  INFO  manager.ApplicationManager - All Tests run in Chrome Driver ------>
20:58:30.100  INFO  manager.ApplicationManager - Current Url --->https://ilcarro-1578153671498.web.app/search
20:58:30.594  INFO  tests.TestBase - Start test with name ---->loginSuccess
20:58:30.610  INFO  manager.MyListener - New Before find by --> By.xpath: //a[text()=' Logout ']
20:58:35.775  INFO  tests.TestBase - Test start with email : noa@gmail.com & password: Nnoa12345$
20:58:35.780  INFO  manager.MyListener - WebDriver start find element -->By.xpath: //a[text()=' Log in ']
20:58:37.471  INFO  manager.MyListener - WebDriver start find element -->By.id: email
20:58:38.386  INFO  manager.MyListener - WebDriver start find element -->By.id: password
20:58:39.069  INFO  manager.MyListener - WebDriver start find element -->By.cssSelector: button[type='submit']
20:58:39.620  INFO  manager.MyListener - WebDriver start find element -->By.cssSelector: button[type='submit']
20:58:40.001  INFO  tests.TestBase - Logged------>
20:58:42.101  INFO  manager.MyListener - WebDriver start find element -->By.cssSelector: div.dialog-container
20:58:47.056  INFO  manager.MyListener - WebDriver start find element -->By.cssSelector: div.dialog-container h1
20:58:47.322  INFO  manager.MyListener - New Before find by --> By.xpath: //button[text()='Ok']
20:58:47.662  INFO  manager.MyListener - WebDriver start find element -->By.xpath: //button[text()='Ok']
20:58:48.314  INFO  tests.TestBase - Start test with name ---->loginSuccess
20:58:48.323  INFO  manager.MyListener - New Before find by --> By.xpath: //a[text()=' Logout ']
20:58:48.986  INFO  manager.MyListener - WebDriver start find element -->By.xpath: //a[text()=' Logout ']
20:58:49.639  INFO  tests.TestBase - Test start with logout
20:58:49.642  INFO  tests.TestBase - Test start with email : tanya@gmail.ru & password: Ttanya123$
20:58:49.643  INFO  manager.MyListener - WebDriver start find element -->By.xpath: //a[text()=' Log in ']
20:58:50.115  INFO  manager.MyListener - WebDriver start find element -->By.id: email
20:58:50.771  INFO  manager.MyListener - WebDriver start find element -->By.id: password
20:58:51.468  INFO  manager.MyListener - WebDriver start find element -->By.cssSelector: button[type='submit']
20:58:51.735  INFO  manager.MyListener - WebDriver start find element -->By.cssSelector: button[type='submit']
20:58:52.146  INFO  tests.TestBase - Logged------>
20:58:54.148  INFO  manager.MyListener - WebDriver start find element -->By.cssSelector: div.dialog-container
20:58:54.300  INFO  manager.MyListener - WebDriver start find element -->By.cssSelector: div.dialog-container h1
20:58:54.392  INFO  manager.MyListener - New Before find by --> By.xpath: //button[text()='Ok']
20:58:54.462  INFO  manager.MyListener - WebDriver start find element -->By.xpath: //button[text()='Ok']
20:58:54.778  INFO  tests.TestBase - Start test with name ---->loginSuccess
20:58:54.783  INFO  manager.MyListener - New Before find by --> By.xpath: //a[text()=' Logout ']
20:58:55.058  INFO  manager.MyListener - WebDriver start find element -->By.xpath: //a[text()=' Logout ']
20:58:55.710  INFO  tests.TestBase - Test start with logout
20:58:55.715  INFO  tests.TestBase - Test start with email : noa@gmail.com & password: Nnoa12345$
20:58:55.716  INFO  manager.MyListener - WebDriver start find element -->By.xpath: //a[text()=' Log in ']
20:58:56.270  INFO  manager.MyListener - WebDriver start find element -->By.id: email
20:58:56.886  INFO  manager.MyListener - WebDriver start find element -->By.id: password
20:58:57.580  INFO  manager.MyListener - WebDriver start find element -->By.cssSelector: button[type='submit']
20:58:57.873  INFO  manager.MyListener - WebDriver start find element -->By.cssSelector: button[type='submit']
20:58:58.412  INFO  tests.TestBase - Logged------>
20:59:00.470  INFO  manager.MyListener - WebDriver start find element -->By.cssSelector: div.dialog-container
20:59:00.753  INFO  manager.MyListener - WebDriver start find element -->By.cssSelector: div.dialog-container h1
20:59:00.863  INFO  manager.MyListener - New Before find by --> By.xpath: //button[text()='Ok']
20:59:00.964  INFO  manager.MyListener - WebDriver start find element -->By.xpath: //button[text()='Ok']
20:59:01.386  INFO  tests.TestBase - Start test with name ---->loginSuccess
20:59:01.404  INFO  manager.MyListener - New Before find by --> By.xpath: //a[text()=' Logout ']
20:59:02.254  INFO  manager.MyListener - WebDriver start find element -->By.xpath: //a[text()=' Logout ']
20:59:02.838  INFO  tests.TestBase - Test start with logout
20:59:02.840  INFO  tests.TestBase - Test start with email : tanya@gmail.ru & password: Ttanya123$
20:59:02.843  INFO  manager.MyListener - WebDriver start find element -->By.xpath: //a[text()=' Log in ']
20:59:03.206  INFO  manager.MyListener - WebDriver start find element -->By.id: email
20:59:03.678  INFO  manager.MyListener - WebDriver start find element -->By.id: password
20:59:04.309  INFO  manager.MyListener - WebDriver start find element -->By.cssSelector: button[type='submit']
20:59:04.544  INFO  manager.MyListener - WebDriver start find element -->By.cssSelector: button[type='submit']
20:59:04.895  INFO  tests.TestBase - Logged------>
20:59:06.902  INFO  manager.MyListener - WebDriver start find element -->By.cssSelector: div.dialog-container
20:59:07.075  INFO  manager.MyListener - WebDriver start find element -->By.cssSelector: div.dialog-container h1
20:59:07.150  INFO  manager.MyListener - New Before find by --> By.xpath: //button[text()='Ok']
20:59:07.196  INFO  manager.MyListener - WebDriver start find element -->By.xpath: //button[text()='Ok']
20:59:07.519  INFO  tests.TestBase - Start test with name ---->loginSuccess2
20:59:07.525  INFO  manager.MyListener - New Before find by --> By.xpath: //a[text()=' Logout ']
20:59:07.879  INFO  manager.MyListener - WebDriver start find element -->By.xpath: //a[text()=' Logout ']
20:59:08.765  INFO  tests.TestBase - Test start with logout
20:59:08.771  INFO  manager.MyListener - WebDriver start find element -->By.xpath: //a[text()=' Log in ']
20:59:09.275  INFO  manager.MyListener - WebDriver start find element -->By.id: email
20:59:09.833  INFO  manager.MyListener - WebDriver start find element -->By.id: password
20:59:10.411  INFO  manager.MyListener - WebDriver start find element -->By.cssSelector: button[type='submit']
20:59:10.651  INFO  manager.MyListener - WebDriver start find element -->By.cssSelector: button[type='submit']
20:59:13.034  INFO  manager.MyListener - WebDriver start find element -->By.cssSelector: div.dialog-container
20:59:13.226  INFO  manager.MyListener - WebDriver start find element -->By.cssSelector: div.dialog-container h1
20:59:13.330  INFO  manager.MyListener - New Before find by --> By.xpath: //button[text()='Ok']
20:59:13.541  INFO  manager.MyListener - WebDriver start find element -->By.xpath: //button[text()='Ok']
20:59:13.882  INFO  tests.TestBase - Start test with name ---->loginSuccessDP
20:59:13.899  INFO  manager.MyListener - New Before find by --> By.xpath: //a[text()=' Logout ']
20:59:14.454  INFO  manager.MyListener - WebDriver start find element -->By.xpath: //a[text()=' Logout ']
20:59:15.107  INFO  tests.TestBase - Test start with logout
20:59:15.174  INFO  manager.MyListener - WebDriver start find element -->By.xpath: //a[text()=' Log in ']
20:59:15.619  INFO  manager.MyListener - WebDriver start find element -->By.id: email
20:59:16.080  INFO  manager.MyListener - WebDriver start find element -->By.id: password
20:59:16.898  INFO  manager.MyListener - WebDriver start find element -->By.cssSelector: button[type='submit']
20:59:17.190  INFO  manager.MyListener - WebDriver start find element -->By.cssSelector: button[type='submit']
20:59:17.544  INFO  tests.TestBase - Logged------>
20:59:19.589  INFO  manager.MyListener - WebDriver start find element -->By.cssSelector: div.dialog-container
20:59:19.799  INFO  manager.MyListener - WebDriver start find element -->By.cssSelector: div.dialog-container h1
20:59:19.945  INFO  manager.MyListener - New Before find by --> By.xpath: //button[text()='Ok']
20:59:20.040  INFO  manager.MyListener - WebDriver start find element -->By.xpath: //button[text()='Ok']
20:59:20.361  INFO  tests.TestBase - Start test with name ---->loginSuccessDP
20:59:20.366  INFO  manager.MyListener - New Before find by --> By.xpath: //a[text()=' Logout ']
20:59:20.948  INFO  manager.MyListener - WebDriver start find element -->By.xpath: //a[text()=' Logout ']
20:59:21.667  INFO  tests.TestBase - Test start with logout
20:59:21.669  INFO  manager.MyListener - WebDriver start find element -->By.xpath: //a[text()=' Log in ']
20:59:22.150  INFO  manager.MyListener - WebDriver start find element -->By.id: email
20:59:22.560  INFO  manager.MyListener - WebDriver start find element -->By.id: password
20:59:23.573  INFO  manager.MyListener - WebDriver start find element -->By.cssSelector: button[type='submit']
20:59:23.769  INFO  manager.MyListener - WebDriver start find element -->By.cssSelector: button[type='submit']
20:59:24.166  INFO  tests.TestBase - Logged------>
20:59:26.187  INFO  manager.MyListener - WebDriver start find element -->By.cssSelector: div.dialog-container
20:59:26.314  INFO  manager.MyListener - WebDriver start find element -->By.cssSelector: div.dialog-container h1
20:59:26.422  INFO  manager.MyListener - New Before find by --> By.xpath: //button[text()='Ok']
20:59:26.458  INFO  manager.MyListener - WebDriver start find element -->By.xpath: //button[text()='Ok']
20:59:26.781  INFO  tests.TestBase - Start test with name ---->loginSuccessDP
20:59:26.792  INFO  manager.MyListener - New Before find by --> By.xpath: //a[text()=' Logout ']
20:59:27.732  INFO  manager.MyListener - WebDriver start find element -->By.xpath: //a[text()=' Logout ']
20:59:28.405  INFO  tests.TestBase - Test start with logout
20:59:28.407  INFO  manager.MyListener - WebDriver start find element -->By.xpath: //a[text()=' Log in ']
20:59:28.935  INFO  manager.MyListener - WebDriver start find element -->By.id: email
20:59:29.789  INFO  manager.MyListener - WebDriver start find element -->By.id: password
20:59:30.408  INFO  manager.MyListener - WebDriver start find element -->By.cssSelector: button[type='submit']
20:59:30.656  INFO  manager.MyListener - WebDriver start find element -->By.cssSelector: button[type='submit']
20:59:31.095  INFO  tests.TestBase - Logged------>
20:59:33.154  INFO  manager.MyListener - WebDriver start find element -->By.cssSelector: div.dialog-container
20:59:33.376  INFO  manager.MyListener - WebDriver start find element -->By.cssSelector: div.dialog-container h1
20:59:33.461  INFO  manager.MyListener - New Before find by --> By.xpath: //button[text()='Ok']
20:59:33.588  INFO  manager.MyListener - WebDriver start find element -->By.xpath: //button[text()='Ok']
20:59:33.937  INFO  tests.TestBase - Start test with name ---->loginSuccessDP
20:59:33.947  INFO  manager.MyListener - New Before find by --> By.xpath: //a[text()=' Logout ']
20:59:34.494  INFO  manager.MyListener - WebDriver start find element -->By.xpath: //a[text()=' Logout ']
20:59:35.190  INFO  tests.TestBase - Test start with logout
20:59:35.201  INFO  manager.MyListener - WebDriver start find element -->By.xpath: //a[text()=' Log in ']
20:59:35.660  INFO  manager.MyListener - WebDriver start find element -->By.id: email
20:59:36.275  INFO  manager.MyListener - WebDriver start find element -->By.id: password
20:59:36.777  INFO  manager.MyListener - WebDriver start find element -->By.cssSelector: button[type='submit']
20:59:36.955  INFO  manager.MyListener - WebDriver start find element -->By.cssSelector: button[type='submit']
20:59:37.295  INFO  tests.TestBase - Logged------>
20:59:39.296  INFO  manager.MyListener - WebDriver start find element -->By.cssSelector: div.dialog-container
20:59:39.386  INFO  manager.MyListener - WebDriver start find element -->By.cssSelector: div.dialog-container h1
20:59:39.441  INFO  manager.MyListener - New Before find by --> By.xpath: //button[text()='Ok']
20:59:39.470  INFO  manager.MyListener - WebDriver start find element -->By.xpath: //button[text()='Ok']
