18:57:22.785  INFO  manager.ApplicationManager - All Tests run in Chrome Driver ------>
18:58:08.298  INFO  manager.ApplicationManager - Current Url --->https://ilcarro-1578153671498.web.app/search
18:58:08.443  INFO  tests.TestBase - Start test with name ---->searchCurrentMonth
18:58:08.455  INFO  manager.MyListener - WebDriver start find element -->By.id: city
18:58:11.586  INFO  manager.MyListener - WebDriver start find element -->By.cssSelector: .pac-item
18:58:12.702  INFO  manager.MyListener - WebDriver start find element -->By.id: dates
18:58:13.400  INFO  manager.MyListener - WebDriver start find element -->By.xpath: //div[text()=' 27 ']
18:58:14.288  INFO  manager.MyListener - WebDriver start find element -->By.xpath: //div[text()=' 28 ']
18:58:14.840  INFO  manager.MyListener - WebDriver start find element -->By.cssSelector: button[type='submit']
18:58:15.293  INFO  manager.MyListener - WebDriver start find element -->By.cssSelector: button[type='submit']
18:58:15.605  INFO  manager.MyListener - New Before find by --> By.cssSelector: .car-img-container.ng-star-inserted
18:58:20.376  INFO  tests.TestBase - Start test with name ---->searchCurrentYear
18:58:20.387  INFO  manager.MyListener - WebDriver start find element -->By.id: city
18:58:25.105  INFO  manager.MyListener - WebDriver start find element -->By.cssSelector: .pac-item
18:58:25.280  INFO  manager.MyListener - WebDriver start find element -->By.id: dates
18:58:30.330  INFO  manager.MyListener - The name of method with error -->findElement
18:58:30.338  INFO  manager.MyListener - We have a problem ---> org.openqa.selenium.NoSuchElementException: no such element: Unable to locate element: {"method":"css selector","selector":"#dates"}
  (Session info: chrome=103.0.5060.114)
For documentation on this error, please visit: https://selenium.dev/exceptions/#no_such_element
Build info: version: '4.2.2', revision: '683ccb65d6'
System info: host: 'ALEXPC', ip: '192.168.1.108', os.name: 'Windows 8.1', os.arch: 'amd64', os.version: '6.3', java.version: '11.0.15.1'
Driver info: org.openqa.selenium.chrome.ChromeDriver
Command: [770db357067631ce86b3cbe35c857a5e, findElement {using=id, value=dates}]
Capabilities {acceptInsecureCerts: false, browserName: chrome, browserVersion: 103.0.5060.114, chrome: {chromedriverVersion: 103.0.5060.53 (a1711811edd7..., userDataDir: C:\Users\alex\AppData\Local...}, goog:chromeOptions: {debuggerAddress: localhost:58321}, networkConnectionEnabled: false, pageLoadStrategy: normal, platformName: WINDOWS, proxy: Proxy(), se:cdp: ws://localhost:58321/devtoo..., se:cdpVersion: 103.0.5060.114, setWindowRect: true, strictFileInteractability: false, timeouts: {implicit: 0, pageLoad: 300000, script: 30000}, unhandledPromptBehavior: dismiss and notify, webauthn:extension:credBlob: true, webauthn:extension:largeBlob: true, webauthn:virtualAuthenticators: true}
Session ID: 770db357067631ce86b3cbe35c857a5e
18:58:30.348  INFO  manager.MyListener - WebDriver start find element -->By.cssSelector: .logo
