18:44:15.657  INFO  manager.ApplicationManager - All Tests run in Chrome Driver ------>
18:44:32.825  INFO  manager.ApplicationManager - Current Url --->https://ilcarro-1578153671498.web.app/search
18:44:32.998  INFO  tests.TestBase - Start test with name ---->searchCurrentMonth
18:44:33.023  INFO  manager.MyListener - WebDriver start find element -->By.id: city
18:44:34.435  INFO  manager.MyListener - WebDriver start find element -->By.cssSelector: .pac-item
18:44:37.126  INFO  manager.MyListener - WebDriver start find element -->By.id: dates
18:44:38.192  INFO  manager.MyListener - WebDriver start find element -->By.xpath: //div[text()=' 27 ']
18:44:39.053  INFO  manager.MyListener - WebDriver start find element -->By.xpath: //div[text()=' 28 ']
18:44:40.176  INFO  manager.MyListener - WebDriver start find element -->By.cssSelector: button[type='submit']
18:44:40.744  INFO  manager.MyListener - WebDriver start find element -->By.cssSelector: button[type='submit']
18:44:43.176  INFO  manager.MyListener - New Before find by --> By.cssSelector: .car-img-container.ng-star-inserted
18:44:48.466  INFO  tests.TestBase - Start test with name ---->searchCurrentYear
18:44:48.479  INFO  manager.MyListener - WebDriver start find element -->By.id: city
18:44:51.408  INFO  manager.MyListener - WebDriver start find element -->By.cssSelector: .pac-item
18:44:56.042  INFO  manager.MyListener - WebDriver start find element -->By.id: dates
18:45:01.135  INFO  manager.MyListener - The name of method with error -->findElement
18:45:01.148  INFO  manager.MyListener - We have a problem ---> org.openqa.selenium.NoSuchElementException: no such element: Unable to locate element: {"method":"css selector","selector":"#dates"}
  (Session info: chrome=103.0.5060.114)
For documentation on this error, please visit: https://selenium.dev/exceptions/#no_such_element
Build info: version: '4.2.2', revision: '683ccb65d6'
System info: host: 'ALEXPC', ip: '192.168.1.108', os.name: 'Windows 8.1', os.arch: 'amd64', os.version: '6.3', java.version: '11.0.15.1'
Driver info: org.openqa.selenium.chrome.ChromeDriver
Command: [c4765343597364e99b215deced3fb859, findElement {using=id, value=dates}]
Capabilities {acceptInsecureCerts: false, browserName: chrome, browserVersion: 103.0.5060.114, chrome: {chromedriverVersion: 103.0.5060.53 (a1711811edd7..., userDataDir: C:\Users\alex\AppData\Local...}, goog:chromeOptions: {debuggerAddress: localhost:57651}, networkConnectionEnabled: false, pageLoadStrategy: normal, platformName: WINDOWS, proxy: Proxy(), se:cdp: ws://localhost:57651/devtoo..., se:cdpVersion: 103.0.5060.114, setWindowRect: true, strictFileInteractability: false, timeouts: {implicit: 0, pageLoad: 300000, script: 30000}, unhandledPromptBehavior: dismiss and notify, webauthn:extension:credBlob: true, webauthn:extension:largeBlob: true, webauthn:virtualAuthenticators: true}
Session ID: c4765343597364e99b215deced3fb859
