18:41:17.306  INFO  manager.ApplicationManager - All Tests run in Chrome Driver ------>
18:42:14.106  INFO  manager.ApplicationManager - Current Url --->https://ilcarro-1578153671498.web.app/search
18:42:15.077  INFO  tests.TestBase - Start test with name ---->searchAnyPeriod
18:42:15.120  INFO  manager.MyListener - WebDriver start find element -->By.id: city
18:42:19.000  INFO  manager.MyListener - WebDriver start find element -->By.cssSelector: .pac-item
18:42:21.425  INFO  manager.MyListener - WebDriver start find element -->By.cssSelector: #dates
18:42:22.126  INFO  manager.MyListener - WebDriver start find element -->By.id: dates
18:42:23.692  INFO  manager.MyListener - WebDriver start find element -->By.cssSelector: [aria-label='Next month']
18:42:24.546  INFO  manager.MyListener - WebDriver start find element -->By.xpath: //div[text()=' 10 ']
18:42:25.484  INFO  manager.MyListener - WebDriver start find element -->By.cssSelector: [aria-label='Next month']
18:42:25.856  INFO  manager.MyListener - WebDriver start find element -->By.cssSelector: [aria-label='Next month']
18:42:26.132  INFO  manager.MyListener - WebDriver start find element -->By.cssSelector: [aria-label='Next month']
18:42:26.522  INFO  manager.MyListener - WebDriver start find element -->By.cssSelector: [aria-label='Next month']
18:42:26.891  INFO  manager.MyListener - WebDriver start find element -->By.cssSelector: [aria-label='Next month']
18:42:27.353  INFO  manager.MyListener - WebDriver start find element -->By.cssSelector: [aria-label='Next month']
18:42:27.819  INFO  manager.MyListener - WebDriver start find element -->By.cssSelector: [aria-label='Next month']
18:42:28.118  INFO  manager.MyListener - WebDriver start find element -->By.xpath: //div[text()=' 20 ']
18:42:28.587  INFO  manager.MyListener - WebDriver start find element -->By.cssSelector: button[type='submit']
18:42:29.068  INFO  manager.MyListener - WebDriver start find element -->By.cssSelector: button[type='submit']
18:42:29.600  INFO  manager.MyListener - New Before find by --> By.cssSelector: .car-img-container.ng-star-inserted
18:42:33.432  INFO  manager.MyListener - WebDriver start find element -->By.cssSelector: .logo
18:42:37.195  INFO  tests.TestBase - Start test with name ---->searchCurrentMonth
18:42:37.202  INFO  manager.MyListener - WebDriver start find element -->By.id: city
18:42:40.260  INFO  manager.MyListener - WebDriver start find element -->By.cssSelector: .pac-item
18:42:40.434  INFO  manager.MyListener - WebDriver start find element -->By.cssSelector: #dates
18:42:40.633  INFO  manager.MyListener - WebDriver start find element -->By.id: dates
18:42:40.853  INFO  manager.MyListener - WebDriver start find element -->By.xpath: //div[text()=' 27 ']
18:42:41.166  INFO  manager.MyListener - WebDriver start find element -->By.xpath: //div[text()=' 28 ']
18:42:41.919  INFO  manager.MyListener - WebDriver start find element -->By.cssSelector: button[type='submit']
18:42:42.392  INFO  manager.MyListener - WebDriver start find element -->By.cssSelector: button[type='submit']
18:42:43.015  INFO  manager.MyListener - New Before find by --> By.cssSelector: .car-img-container.ng-star-inserted
18:42:48.979  INFO  manager.MyListener - WebDriver start find element -->By.cssSelector: .logo
18:42:53.083  INFO  tests.TestBase - Start test with name ---->searchCurrentYear
18:42:53.090  INFO  manager.MyListener - WebDriver start find element -->By.id: city
18:42:56.617  INFO  manager.MyListener - WebDriver start find element -->By.cssSelector: .pac-item
18:42:56.751  INFO  manager.MyListener - WebDriver start find element -->By.cssSelector: #dates
18:42:56.935  INFO  manager.MyListener - WebDriver start find element -->By.id: dates
18:42:57.104  INFO  manager.MyListener - WebDriver start find element -->By.cssSelector: [aria-label='Next month']
18:42:57.539  INFO  manager.MyListener - WebDriver start find element -->By.xpath: //div[text()=' 10 ']
18:42:58.425  INFO  manager.MyListener - WebDriver start find element -->By.cssSelector: [aria-label='Next month']
18:42:58.838  INFO  manager.MyListener - WebDriver start find element -->By.cssSelector: [aria-label='Next month']
18:42:59.127  INFO  manager.MyListener - WebDriver start find element -->By.xpath: //div[text()=' 23 ']
18:42:59.596  INFO  manager.MyListener - WebDriver start find element -->By.cssSelector: button[type='submit']
18:42:59.904  INFO  manager.MyListener - WebDriver start find element -->By.cssSelector: button[type='submit']
18:43:00.452  INFO  manager.MyListener - New Before find by --> By.cssSelector: .car-img-container.ng-star-inserted
18:43:03.612  INFO  manager.MyListener - WebDriver start find element -->By.cssSelector: .logo
18:43:07.021  INFO  tests.TestBase - Start test with name ---->searchCurrentYearLocalDate
18:43:07.025  INFO  manager.MyListener - WebDriver start find element -->By.id: city
18:43:10.501  INFO  manager.MyListener - WebDriver start find element -->By.cssSelector: .pac-item
18:43:12.635  INFO  manager.MyListener - WebDriver start find element -->By.cssSelector: #dates
18:43:12.860  INFO  manager.MyListener - WebDriver start find element -->By.id: dates
18:43:13.078  INFO  manager.MyListener - WebDriver start find element -->By.cssSelector: [aria-label='Next month']
18:43:13.293  INFO  manager.MyListener - WebDriver start find element -->By.xpath: //div[text()=' 10 ']
18:43:13.498  INFO  manager.MyListener - WebDriver start find element -->By.cssSelector: [aria-label='Next month']
18:43:13.642  INFO  manager.MyListener - WebDriver start find element -->By.cssSelector: [aria-label='Next month']
18:43:13.824  INFO  manager.MyListener - WebDriver start find element -->By.xpath: //div[text()=' 23 ']
18:43:14.611  INFO  manager.MyListener - WebDriver start find element -->By.cssSelector: button[type='submit']
18:43:15.053  INFO  manager.MyListener - WebDriver start find element -->By.cssSelector: button[type='submit']
18:43:15.737  INFO  manager.MyListener - New Before find by --> By.cssSelector: .car-img-container.ng-star-inserted
18:43:21.142  INFO  manager.MyListener - WebDriver start find element -->By.cssSelector: .logo
18:43:27.728  INFO  tests.TestBase - Start test with name ---->searchPeriodPast
18:43:27.737  INFO  manager.MyListener - WebDriver start find element -->By.id: city
18:43:30.909  INFO  manager.MyListener - WebDriver start find element -->By.cssSelector: .pac-item
18:43:33.231  INFO  manager.MyListener - WebDriver start find element -->By.cssSelector: #dates
18:43:33.750  INFO  manager.MyListener - WebDriver start find element -->By.cssSelector: .cdk-overlay-container
18:43:38.808  INFO  manager.MyListener - The name of method with error -->findElement
18:43:38.814  INFO  manager.MyListener - We have a problem ---> org.openqa.selenium.NoSuchElementException: no such element: Unable to locate element: {"method":"css selector","selector":".cdk-overlay-container"}
  (Session info: chrome=103.0.5060.114)
For documentation on this error, please visit: https://selenium.dev/exceptions/#no_such_element
Build info: version: '4.2.2', revision: '683ccb65d6'
System info: host: 'ALEXPC', ip: '192.168.1.108', os.name: 'Windows 8.1', os.arch: 'amd64', os.version: '6.3', java.version: '11.0.15.1'
Driver info: org.openqa.selenium.chrome.ChromeDriver
Command: [b377bd93c479efa9402f00d1ddc7081e, findElement {using=css selector, value=.cdk-overlay-container}]
Capabilities {acceptInsecureCerts: false, browserName: chrome, browserVersion: 103.0.5060.114, chrome: {chromedriverVersion: 103.0.5060.53 (a1711811edd7..., userDataDir: C:\Users\alex\AppData\Local...}, goog:chromeOptions: {debuggerAddress: localhost:49522}, networkConnectionEnabled: false, pageLoadStrategy: normal, platformName: WINDOWS, proxy: Proxy(), se:cdp: ws://localhost:49522/devtoo..., se:cdpVersion: 103.0.5060.114, setWindowRect: true, strictFileInteractability: false, timeouts: {implicit: 0, pageLoad: 300000, script: 30000}, unhandledPromptBehavior: dismiss and notify, webauthn:extension:credBlob: true, webauthn:extension:largeBlob: true, webauthn:virtualAuthenticators: true}
Session ID: b377bd93c479efa9402f00d1ddc7081e
18:43:38.816  INFO  manager.MyListener - WebDriver start find element -->By.cssSelector: .logo
