18:47:09.652  INFO  manager.ApplicationManager - All Tests run in Chrome Driver ------>
18:47:58.452  INFO  manager.ApplicationManager - Current Url --->https://ilcarro-1578153671498.web.app/search
18:47:59.203  INFO  tests.TestBase - Start test with name ---->searchAnyPeriod
18:47:59.218  INFO  manager.MyListener - WebDriver start find element -->By.id: city
18:48:03.237  INFO  manager.MyListener - WebDriver start find element -->By.cssSelector: .pac-item
18:48:05.570  INFO  manager.MyListener - WebDriver start find element -->By.cssSelector: #dates
18:48:06.675  INFO  manager.MyListener - WebDriver start find element -->By.id: dates
18:48:08.205  INFO  manager.MyListener - WebDriver start find element -->By.cssSelector: [aria-label='Next month']
18:48:09.314  INFO  manager.MyListener - WebDriver start find element -->By.xpath: //div[text()=' 10 ']
18:48:10.501  INFO  manager.MyListener - WebDriver start find element -->By.cssSelector: [aria-label='Next month']
18:48:11.037  INFO  manager.MyListener - WebDriver start find element -->By.cssSelector: [aria-label='Next month']
18:48:11.520  INFO  manager.MyListener - WebDriver start find element -->By.cssSelector: [aria-label='Next month']
18:48:12.149  INFO  manager.MyListener - WebDriver start find element -->By.cssSelector: [aria-label='Next month']
18:48:12.923  INFO  manager.MyListener - WebDriver start find element -->By.cssSelector: [aria-label='Next month']
18:48:14.007  INFO  manager.MyListener - WebDriver start find element -->By.cssSelector: [aria-label='Next month']
18:48:14.513  INFO  manager.MyListener - WebDriver start find element -->By.cssSelector: [aria-label='Next month']
18:48:15.008  INFO  manager.MyListener - WebDriver start find element -->By.xpath: //div[text()=' 20 ']
18:48:15.954  INFO  manager.MyListener - WebDriver start find element -->By.cssSelector: button[type='submit']
18:48:16.701  INFO  manager.MyListener - WebDriver start find element -->By.cssSelector: button[type='submit']
18:48:17.284  INFO  manager.MyListener - New Before find by --> By.cssSelector: .car-img-container.ng-star-inserted
18:48:21.743  INFO  manager.MyListener - WebDriver start find element -->By.cssSelector: .logo
18:48:26.401  INFO  tests.TestBase - Start test with name ---->searchCurrentMonth
18:48:26.405  INFO  manager.MyListener - WebDriver start find element -->By.id: city
18:48:30.314  INFO  manager.MyListener - WebDriver start find element -->By.cssSelector: .pac-item
18:48:30.624  INFO  manager.MyListener - WebDriver start find element -->By.cssSelector: #dates
18:48:31.266  INFO  manager.MyListener - WebDriver start find element -->By.id: dates
18:48:32.161  INFO  manager.MyListener - WebDriver start find element -->By.xpath: //div[text()=' 27 ']
18:48:33.026  INFO  manager.MyListener - WebDriver start find element -->By.xpath: //div[text()=' 28 ']
18:48:33.362  INFO  manager.MyListener - WebDriver start find element -->By.cssSelector: button[type='submit']
18:48:33.787  INFO  manager.MyListener - WebDriver start find element -->By.cssSelector: button[type='submit']
18:48:34.639  INFO  manager.MyListener - New Before find by --> By.cssSelector: .car-img-container.ng-star-inserted
18:48:41.383  INFO  manager.MyListener - WebDriver start find element -->By.cssSelector: .logo
18:48:45.840  INFO  tests.TestBase - Start test with name ---->searchCurrentYear
18:48:45.852  INFO  manager.MyListener - WebDriver start find element -->By.id: city
18:48:49.752  INFO  manager.MyListener - WebDriver start find element -->By.cssSelector: .pac-item
18:48:50.169  INFO  manager.MyListener - WebDriver start find element -->By.cssSelector: #dates
18:48:51.119  INFO  manager.MyListener - WebDriver start find element -->By.id: dates
18:48:52.172  INFO  manager.MyListener - WebDriver start find element -->By.cssSelector: [aria-label='Next month']
18:48:52.988  INFO  manager.MyListener - WebDriver start find element -->By.xpath: //div[text()=' 10 ']
18:48:53.700  INFO  manager.MyListener - WebDriver start find element -->By.cssSelector: [aria-label='Next month']
18:48:54.312  INFO  manager.MyListener - WebDriver start find element -->By.cssSelector: [aria-label='Next month']
18:48:54.972  INFO  manager.MyListener - WebDriver start find element -->By.xpath: //div[text()=' 23 ']
18:48:55.722  INFO  manager.MyListener - WebDriver start find element -->By.cssSelector: button[type='submit']
18:48:56.353  INFO  manager.MyListener - WebDriver start find element -->By.cssSelector: button[type='submit']
18:48:57.099  INFO  manager.MyListener - New Before find by --> By.cssSelector: .car-img-container.ng-star-inserted
18:49:01.984  INFO  manager.MyListener - WebDriver start find element -->By.cssSelector: .logo
18:49:05.699  INFO  tests.TestBase - Start test with name ---->searchCurrentYearLocalDate
18:49:05.702  INFO  manager.MyListener - WebDriver start find element -->By.id: city
18:49:09.233  INFO  manager.MyListener - WebDriver start find element -->By.cssSelector: .pac-item
18:49:11.580  INFO  manager.MyListener - WebDriver start find element -->By.cssSelector: #dates
18:49:12.336  INFO  manager.MyListener - WebDriver start find element -->By.id: dates
18:49:12.975  INFO  manager.MyListener - WebDriver start find element -->By.cssSelector: [aria-label='Next month']
18:49:13.653  INFO  manager.MyListener - WebDriver start find element -->By.xpath: //div[text()=' 10 ']
18:49:14.272  INFO  manager.MyListener - WebDriver start find element -->By.cssSelector: [aria-label='Next month']
18:49:14.615  INFO  manager.MyListener - WebDriver start find element -->By.cssSelector: [aria-label='Next month']
18:49:15.196  INFO  manager.MyListener - WebDriver start find element -->By.xpath: //div[text()=' 23 ']
18:49:15.957  INFO  manager.MyListener - WebDriver start find element -->By.cssSelector: button[type='submit']
18:49:16.401  INFO  manager.MyListener - WebDriver start find element -->By.cssSelector: button[type='submit']
18:49:17.092  INFO  manager.MyListener - New Before find by --> By.cssSelector: .car-img-container.ng-star-inserted
18:49:21.498  INFO  manager.MyListener - WebDriver start find element -->By.cssSelector: .logo
18:49:25.734  INFO  tests.TestBase - Start test with name ---->searchPeriodPast
18:49:25.737  INFO  manager.MyListener - WebDriver start find element -->By.id: city
18:49:29.375  INFO  manager.MyListener - WebDriver start find element -->By.cssSelector: .pac-item
18:49:31.591  INFO  manager.MyListener - WebDriver start find element -->By.cssSelector: #dates
18:49:35.141  INFO  manager.MyListener - WebDriver start find element -->By.cssSelector: .cdk-overlay-container
18:49:40.233  INFO  manager.MyListener - The name of method with error -->findElement
18:49:40.245  INFO  manager.MyListener - We have a problem ---> org.openqa.selenium.NoSuchElementException: no such element: Unable to locate element: {"method":"css selector","selector":".cdk-overlay-container"}
  (Session info: chrome=103.0.5060.114)
For documentation on this error, please visit: https://selenium.dev/exceptions/#no_such_element
Build info: version: '4.2.2', revision: '683ccb65d6'
System info: host: 'ALEXPC', ip: '192.168.1.108', os.name: 'Windows 8.1', os.arch: 'amd64', os.version: '6.3', java.version: '11.0.15.1'
Driver info: org.openqa.selenium.chrome.ChromeDriver
Command: [61c0caccaf241c4a89257be59a9c5f07, findElement {using=css selector, value=.cdk-overlay-container}]
Capabilities {acceptInsecureCerts: false, browserName: chrome, browserVersion: 103.0.5060.114, chrome: {chromedriverVersion: 103.0.5060.53 (a1711811edd7..., userDataDir: C:\Users\alex\AppData\Local...}, goog:chromeOptions: {debuggerAddress: localhost:50380}, networkConnectionEnabled: false, pageLoadStrategy: normal, platformName: WINDOWS, proxy: Proxy(), se:cdp: ws://localhost:50380/devtoo..., se:cdpVersion: 103.0.5060.114, setWindowRect: true, strictFileInteractability: false, timeouts: {implicit: 0, pageLoad: 300000, script: 30000}, unhandledPromptBehavior: dismiss and notify, webauthn:extension:credBlob: true, webauthn:extension:largeBlob: true, webauthn:virtualAuthenticators: true}
Session ID: 61c0caccaf241c4a89257be59a9c5f07
18:49:40.251  INFO  manager.MyListener - WebDriver start find element -->By.cssSelector: .logo
