18:38:30.805  INFO  manager.ApplicationManager - All Tests run in Chrome Driver ------>
18:38:39.785  INFO  manager.ApplicationManager - Current Url --->https://ilcarro-1578153671498.web.app/search
18:38:40.121  INFO  tests.TestBase - Start test with name ---->addNewCarSuccess
18:38:40.139  INFO  manager.MyListener - New Before find by --> By.cssSelector: a[href^='/logout']
18:38:45.277  INFO  manager.MyListener - WebDriver start find element -->By.xpath: //a[text()=' Log in ']
18:38:46.954  INFO  manager.MyListener - WebDriver start find element -->By.id: email
18:38:48.186  INFO  manager.MyListener - WebDriver start find element -->By.id: password
18:38:49.028  INFO  manager.MyListener - WebDriver start find element -->By.cssSelector: button[type='submit']
18:38:49.511  INFO  manager.MyListener - WebDriver start find element -->By.cssSelector: button[type='submit']
18:38:49.953  INFO  manager.MyListener - New Before find by --> By.xpath: //button[text()='Ok']
18:38:52.592  INFO  manager.MyListener - WebDriver start find element -->By.xpath: //button[text()='Ok']
18:38:53.006  INFO  manager.MyListener - WebDriver start find element -->By.xpath: //a[@id='1']
18:38:55.234  INFO  manager.MyListener - WebDriver start find element -->By.id: pickUpPlace
18:38:56.564  INFO  manager.MyListener - WebDriver start find element -->By.cssSelector: div.pac-item
18:38:58.431  INFO  manager.MyListener - WebDriver start find element -->By.id: make
18:38:58.965  INFO  manager.MyListener - WebDriver start find element -->By.id: model
18:38:59.584  INFO  manager.MyListener - WebDriver start find element -->By.id: year
18:39:00.137  INFO  manager.MyListener - WebDriver start find element -->By.id: engine
18:39:00.649  INFO  manager.MyListener - WebDriver start find element -->By.id: fuel
18:39:01.202  INFO  manager.MyListener - WebDriver start find element -->By.id: gear
18:39:01.869  INFO  manager.MyListener - WebDriver start find element -->By.id: wheelsDrive
18:39:02.616  INFO  manager.MyListener - WebDriver start find element -->By.id: doors
18:39:03.106  INFO  manager.MyListener - WebDriver start find element -->By.id: seats
18:39:03.596  INFO  manager.MyListener - WebDriver start find element -->By.id: class
18:39:04.052  INFO  manager.MyListener - WebDriver start find element -->By.id: fuelConsumption
18:39:04.566  INFO  manager.MyListener - WebDriver start find element -->By.id: serialNumber
18:39:05.134  INFO  manager.MyListener - WebDriver start find element -->By.id: price
18:39:05.587  INFO  manager.MyListener - WebDriver start find element -->By.id: distance
18:39:06.038  INFO  manager.MyListener - WebDriver start find element -->By.cssSelector: input[placeholder='Type feature']
18:39:06.511  INFO  manager.MyListener - WebDriver start find element -->By.id: about
18:39:09.671  INFO  manager.MyListener - WebDriver start find element -->By.id: photos
18:39:10.494  INFO  manager.MyListener - WebDriver start find element -->By.cssSelector: button[type='submit']
18:39:12.090  INFO  manager.MyListener - WebDriver start find element -->By.cssSelector: button[type='submit']
18:39:14.498  INFO  manager.MyListener - WebDriver start find element -->By.cssSelector: div.dialog-container
18:39:15.120  INFO  manager.MyListener - WebDriver start find element -->By.cssSelector: div.dialog-container h1
18:39:15.291  INFO  manager.MyListener - WebDriver start find element -->By.xpath: //button[text()='Search cars']
18:39:16.071  INFO  tests.TestBase - Start test with name ---->loginSuccess
18:39:16.114  INFO  manager.MyListener - New Before find by --> By.cssSelector: a[href^='/logout']
18:39:16.478  INFO  manager.MyListener - WebDriver start find element -->By.cssSelector: a[href^='/logout']
18:39:17.393  INFO  tests.TestBase - Test start with logout
18:39:17.407  INFO  tests.TestBase - Test start with email : noa@gmail.com & password: Nnoa12345$
18:39:17.409  INFO  manager.MyListener - WebDriver start find element -->By.xpath: //a[text()=' Log in ']
18:39:18.115  INFO  manager.MyListener - WebDriver start find element -->By.id: email
18:39:21.190  INFO  manager.MyListener - WebDriver start find element -->By.id: password
18:39:21.827  INFO  manager.MyListener - WebDriver start find element -->By.cssSelector: button[type='submit']
18:39:22.145  INFO  manager.MyListener - WebDriver start find element -->By.cssSelector: button[type='submit']
18:39:22.537  INFO  tests.TestBase - Logged------>
18:39:24.621  INFO  manager.MyListener - WebDriver start find element -->By.cssSelector: div.dialog-container
18:39:29.821  INFO  manager.MyListener - The name of method with error -->findElement
18:39:29.841  INFO  manager.MyListener - We have a problem ---> org.openqa.selenium.NoSuchElementException: Unable to locate element: div.dialog-container
For documentation on this error, please visit: https://selenium.dev/exceptions/#no_such_element
Build info: version: '4.2.2', revision: '683ccb65d6'
System info: host: 'ALEXPC', ip: '192.168.1.108', os.name: 'Windows 8.1', os.arch: 'amd64', os.version: '6.3', java.version: '11.0.15.1'
Driver info: org.openqa.selenium.firefox.FirefoxDriver
Command: [a209124c-beba-4284-a8c3-cd78a1198257, findElement {using=css selector, value=div.dialog-container}]
Capabilities {acceptInsecureCerts: true, browserName: firefox, browserVersion: 102.0.1, moz:accessibilityChecks: false, moz:buildID: 20220705093820, moz:debuggerAddress: localhost:51062, moz:geckodriverVersion: 0.31.0, moz:headless: false, moz:processID: 12044, moz:profile: C:\Users\alex\AppData\Local..., moz:shutdownTimeout: 60000, moz:useNonSpecCompliantPointerOrigin: false, moz:webdriverClick: true, moz:windowless: false, pageLoadStrategy: normal, platformName: WINDOWS, platformVersion: 6.3, proxy: Proxy(), se:cdp: ws://localhost:51062/devtoo..., se:cdpVersion: 85.0, setWindowRect: true, strictFileInteractability: false, timeouts: {implicit: 0, pageLoad: 300000, script: 30000}, unhandledPromptBehavior: dismiss and notify}
Session ID: a209124c-beba-4284-a8c3-cd78a1198257
18:39:29.955  INFO  manager.MyListener - New Before find by --> By.xpath: //button[text()='Ok']
18:39:32.829  INFO  manager.MyListener - WebDriver start find element -->By.xpath: //button[text()='Ok']
18:39:33.251  INFO  tests.TestBase - Start test with name ---->loginSuccess
18:39:33.258  INFO  manager.MyListener - New Before find by --> By.cssSelector: a[href^='/logout']
18:39:33.910  INFO  manager.MyListener - WebDriver start find element -->By.cssSelector: a[href^='/logout']
18:39:34.626  INFO  tests.TestBase - Test start with logout
18:39:34.628  INFO  tests.TestBase - Test start with email : tanya@gmail.ru & password: Ttanya123$
18:39:34.630  INFO  manager.MyListener - WebDriver start find element -->By.xpath: //a[text()=' Log in ']
18:39:35.296  INFO  manager.MyListener - WebDriver start find element -->By.id: email
18:39:37.488  INFO  manager.MyListener - WebDriver start find element -->By.id: password
18:39:37.951  INFO  manager.MyListener - WebDriver start find element -->By.cssSelector: button[type='submit']
18:39:38.207  INFO  manager.MyListener - WebDriver start find element -->By.cssSelector: button[type='submit']
18:39:38.640  INFO  tests.TestBase - Logged------>
18:39:40.650  INFO  manager.MyListener - WebDriver start find element -->By.cssSelector: div.dialog-container
18:39:40.742  INFO  manager.MyListener - WebDriver start find element -->By.cssSelector: div.dialog-container h1
18:39:40.805  INFO  manager.MyListener - New Before find by --> By.xpath: //button[text()='Ok']
18:39:40.844  INFO  manager.MyListener - WebDriver start find element -->By.xpath: //button[text()='Ok']
18:39:41.188  INFO  tests.TestBase - Start test with name ---->loginSuccess
18:39:41.200  INFO  manager.MyListener - New Before find by --> By.cssSelector: a[href^='/logout']
18:39:42.346  INFO  manager.MyListener - WebDriver start find element -->By.cssSelector: a[href^='/logout']
18:39:43.093  INFO  tests.TestBase - Test start with logout
18:39:43.096  INFO  tests.TestBase - Test start with email : noa@gmail.com & password: Nnoa12345$
18:39:43.096  INFO  manager.MyListener - WebDriver start find element -->By.xpath: //a[text()=' Log in ']
18:39:43.569  INFO  manager.MyListener - WebDriver start find element -->By.id: email
18:39:46.023  INFO  manager.MyListener - WebDriver start find element -->By.id: password
18:39:46.745  INFO  manager.MyListener - WebDriver start find element -->By.cssSelector: button[type='submit']
18:39:47.035  INFO  manager.MyListener - WebDriver start find element -->By.cssSelector: button[type='submit']
18:39:47.471  INFO  tests.TestBase - Logged------>
18:39:49.480  INFO  manager.MyListener - WebDriver start find element -->By.cssSelector: div.dialog-container
18:39:49.772  INFO  manager.MyListener - WebDriver start find element -->By.cssSelector: div.dialog-container h1
18:39:49.969  INFO  manager.MyListener - New Before find by --> By.xpath: //button[text()='Ok']
18:39:50.106  INFO  manager.MyListener - WebDriver start find element -->By.xpath: //button[text()='Ok']
18:39:50.585  INFO  tests.TestBase - Start test with name ---->loginSuccess
18:39:50.595  INFO  manager.MyListener - New Before find by --> By.cssSelector: a[href^='/logout']
18:39:51.448  INFO  manager.MyListener - WebDriver start find element -->By.cssSelector: a[href^='/logout']
18:39:52.448  INFO  tests.TestBase - Test start with logout
18:39:52.451  INFO  tests.TestBase - Test start with email : tanya@gmail.ru & password: Ttanya123$
18:39:52.452  INFO  manager.MyListener - WebDriver start find element -->By.xpath: //a[text()=' Log in ']
18:39:52.942  INFO  manager.MyListener - WebDriver start find element -->By.id: email
18:39:55.253  INFO  manager.MyListener - WebDriver start find element -->By.id: password
18:39:56.106  INFO  manager.MyListener - WebDriver start find element -->By.cssSelector: button[type='submit']
18:39:56.379  INFO  manager.MyListener - WebDriver start find element -->By.cssSelector: button[type='submit']
18:39:56.770  INFO  tests.TestBase - Logged------>
18:39:58.771  INFO  manager.MyListener - WebDriver start find element -->By.cssSelector: div.dialog-container
18:39:58.872  INFO  manager.MyListener - WebDriver start find element -->By.cssSelector: div.dialog-container h1
18:39:58.928  INFO  manager.MyListener - New Before find by --> By.xpath: //button[text()='Ok']
18:39:58.962  INFO  manager.MyListener - WebDriver start find element -->By.xpath: //button[text()='Ok']
18:39:59.274  INFO  tests.TestBase - Start test with name ---->loginSuccess2
18:39:59.282  INFO  manager.MyListener - New Before find by --> By.cssSelector: a[href^='/logout']
18:39:59.961  INFO  manager.MyListener - WebDriver start find element -->By.cssSelector: a[href^='/logout']
18:40:00.927  INFO  tests.TestBase - Test start with logout
18:40:00.932  INFO  manager.MyListener - WebDriver start find element -->By.xpath: //a[text()=' Log in ']
18:40:01.425  INFO  manager.MyListener - WebDriver start find element -->By.id: email
18:40:03.566  INFO  manager.MyListener - WebDriver start find element -->By.id: password
18:40:04.188  INFO  manager.MyListener - WebDriver start find element -->By.cssSelector: button[type='submit']
18:40:04.400  INFO  manager.MyListener - WebDriver start find element -->By.cssSelector: button[type='submit']
18:40:04.882  INFO  tests.TestBase - Logged------>
18:40:06.942  INFO  manager.MyListener - WebDriver start find element -->By.cssSelector: div.dialog-container
18:40:07.330  INFO  manager.MyListener - WebDriver start find element -->By.cssSelector: div.dialog-container h1
18:40:07.491  INFO  manager.MyListener - New Before find by --> By.xpath: //button[text()='Ok']
18:40:07.767  INFO  manager.MyListener - WebDriver start find element -->By.xpath: //button[text()='Ok']
18:40:08.302  INFO  tests.TestBase - Start test with name ---->loginSuccessDP
18:40:08.307  INFO  manager.MyListener - New Before find by --> By.cssSelector: a[href^='/logout']
18:40:09.209  INFO  manager.MyListener - WebDriver start find element -->By.cssSelector: a[href^='/logout']
18:40:10.303  INFO  tests.TestBase - Test start with logout
18:40:10.654  INFO  manager.MyListener - WebDriver start find element -->By.xpath: //a[text()=' Log in ']
18:40:11.289  INFO  manager.MyListener - WebDriver start find element -->By.id: email
18:40:12.211  INFO  manager.MyListener - WebDriver start find element -->By.id: password
18:40:13.376  INFO  manager.MyListener - WebDriver start find element -->By.cssSelector: button[type='submit']
18:40:13.553  INFO  manager.MyListener - WebDriver start find element -->By.cssSelector: button[type='submit']
18:40:13.902  INFO  tests.TestBase - Logged------>
18:40:15.953  INFO  manager.MyListener - WebDriver start find element -->By.cssSelector: div.dialog-container
18:40:16.379  INFO  manager.MyListener - WebDriver start find element -->By.cssSelector: div.dialog-container h1
18:40:16.565  INFO  manager.MyListener - New Before find by --> By.xpath: //button[text()='Ok']
18:40:16.805  INFO  manager.MyListener - WebDriver start find element -->By.xpath: //button[text()='Ok']
18:40:18.683  INFO  tests.TestBase - Start test with name ---->loginSuccessDP
18:40:18.711  INFO  manager.MyListener - New Before find by --> By.cssSelector: a[href^='/logout']
18:40:18.994  INFO  manager.MyListener - WebDriver start find element -->By.cssSelector: a[href^='/logout']
18:40:20.028  INFO  tests.TestBase - Test start with logout
18:40:20.032  INFO  manager.MyListener - WebDriver start find element -->By.xpath: //a[text()=' Log in ']
18:40:20.707  INFO  manager.MyListener - WebDriver start find element -->By.id: email
18:40:21.616  INFO  manager.MyListener - WebDriver start find element -->By.id: password
18:40:22.429  INFO  manager.MyListener - WebDriver start find element -->By.cssSelector: button[type='submit']
18:40:22.815  INFO  manager.MyListener - WebDriver start find element -->By.cssSelector: button[type='submit']
18:40:23.271  INFO  tests.TestBase - Logged------>
18:40:25.309  INFO  manager.MyListener - WebDriver start find element -->By.cssSelector: div.dialog-container
18:40:25.458  INFO  manager.MyListener - WebDriver start find element -->By.cssSelector: div.dialog-container h1
18:40:25.614  INFO  manager.MyListener - New Before find by --> By.xpath: //button[text()='Ok']
18:40:25.656  INFO  manager.MyListener - WebDriver start find element -->By.xpath: //button[text()='Ok']
18:40:26.015  INFO  tests.TestBase - Start test with name ---->loginSuccessDP
18:40:26.019  INFO  manager.MyListener - New Before find by --> By.cssSelector: a[href^='/logout']
18:40:26.883  INFO  manager.MyListener - WebDriver start find element -->By.cssSelector: a[href^='/logout']
18:40:28.022  INFO  tests.TestBase - Test start with logout
18:40:28.026  INFO  manager.MyListener - WebDriver start find element -->By.xpath: //a[text()=' Log in ']
18:40:28.882  INFO  manager.MyListener - WebDriver start find element -->By.id: email
18:40:29.649  INFO  manager.MyListener - WebDriver start find element -->By.id: password
18:40:30.226  INFO  manager.MyListener - WebDriver start find element -->By.cssSelector: button[type='submit']
18:40:30.448  INFO  manager.MyListener - WebDriver start find element -->By.cssSelector: button[type='submit']
18:40:30.814  INFO  tests.TestBase - Logged------>
18:40:32.818  INFO  manager.MyListener - WebDriver start find element -->By.cssSelector: div.dialog-container
18:40:33.301  INFO  manager.MyListener - WebDriver start find element -->By.cssSelector: div.dialog-container h1
18:40:33.594  INFO  manager.MyListener - New Before find by --> By.xpath: //button[text()='Ok']
18:40:33.753  INFO  manager.MyListener - WebDriver start find element -->By.xpath: //button[text()='Ok']
18:40:34.217  INFO  tests.TestBase - Start test with name ---->loginSuccessDP
18:40:34.227  INFO  manager.MyListener - New Before find by --> By.cssSelector: a[href^='/logout']
18:40:35.179  INFO  manager.MyListener - WebDriver start find element -->By.cssSelector: a[href^='/logout']
18:40:35.979  INFO  tests.TestBase - Test start with logout
18:40:35.983  INFO  manager.MyListener - WebDriver start find element -->By.xpath: //a[text()=' Log in ']
18:40:36.403  INFO  manager.MyListener - WebDriver start find element -->By.id: email
18:40:36.885  INFO  manager.MyListener - WebDriver start find element -->By.id: password
18:40:37.684  INFO  manager.MyListener - WebDriver start find element -->By.cssSelector: button[type='submit']
18:40:37.850  INFO  manager.MyListener - WebDriver start find element -->By.cssSelector: button[type='submit']
18:40:38.221  INFO  tests.TestBase - Logged------>
18:40:40.236  INFO  manager.MyListener - WebDriver start find element -->By.cssSelector: div.dialog-container
18:40:40.423  INFO  manager.MyListener - WebDriver start find element -->By.cssSelector: div.dialog-container h1
18:40:40.486  INFO  manager.MyListener - New Before find by --> By.xpath: //button[text()='Ok']
18:40:40.572  INFO  manager.MyListener - WebDriver start find element -->By.xpath: //button[text()='Ok']
18:40:40.937  INFO  tests.TestBase - Start test with name ---->registrationSuccess
18:40:40.953  INFO  manager.MyListener - New Before find by --> By.cssSelector: a[href^='/logout']
18:40:41.517  INFO  manager.MyListener - WebDriver start find element -->By.cssSelector: a[href^='/logout']
18:40:42.279  INFO  manager.MyListener - WebDriver start find element -->By.xpath: //a[text()=' Sign up ']
18:40:43.104  INFO  manager.MyListener - WebDriver start find element -->By.id: name
18:40:43.552  INFO  manager.MyListener - WebDriver start find element -->By.id: lastName
18:40:44.006  INFO  manager.MyListener - WebDriver start find element -->By.id: email
18:40:44.628  INFO  manager.MyListener - WebDriver start find element -->By.id: password
18:40:45.239  INFO  manager.MyListener - WebDriver start find element -->By.cssSelector: label[for='terms-of-use']
18:40:46.052  INFO  manager.MyListener - WebDriver start find element -->By.cssSelector: button[type='submit']
18:40:46.298  INFO  manager.MyListener - WebDriver start find element -->By.cssSelector: button[type='submit']
18:40:48.708  INFO  manager.MyListener - WebDriver start find element -->By.cssSelector: div.dialog-container
18:40:48.883  INFO  manager.MyListener - WebDriver start find element -->By.cssSelector: div.dialog-container h1
18:40:48.985  INFO  manager.MyListener - New Before find by --> By.xpath: //button[text()='Ok']
18:40:49.060  INFO  manager.MyListener - WebDriver start find element -->By.xpath: //button[text()='Ok']
18:40:49.367  INFO  tests.TestBase - Start test with name ---->registrationWrongPasswordFormatSize
18:40:49.371  INFO  manager.MyListener - New Before find by --> By.cssSelector: a[href^='/logout']
18:40:49.759  INFO  manager.MyListener - WebDriver start find element -->By.cssSelector: a[href^='/logout']
18:40:50.509  INFO  manager.MyListener - WebDriver start find element -->By.xpath: //a[text()=' Sign up ']
18:40:51.061  INFO  manager.MyListener - WebDriver start find element -->By.id: name
18:40:51.425  INFO  manager.MyListener - WebDriver start find element -->By.id: lastName
18:40:52.038  INFO  manager.MyListener - WebDriver start find element -->By.id: email
18:40:52.748  INFO  manager.MyListener - WebDriver start find element -->By.id: password
18:40:53.207  INFO  manager.MyListener - WebDriver start find element -->By.cssSelector: label[for='terms-of-use']
18:40:54.003  INFO  manager.MyListener - WebDriver start find element -->By.cssSelector: div.error div:last-child
18:40:54.069  INFO  manager.MyListener - WebDriver start find element -->By.cssSelector: div.error div:first-child
18:40:54.131  INFO  manager.MyListener - New Before find by --> By.cssSelector: button[disabled]
18:40:54.169  INFO  manager.MyListener - WebDriver start find element -->By.cssSelector: [type='submit']
18:40:54.220  INFO  manager.MyListener - New Before find by --> By.xpath: //button[text()='Ok']
18:40:59.239  INFO  tests.TestBase - Start test with name ---->searchAnyPeriod
18:40:59.242  INFO  manager.MyListener - WebDriver start find element -->By.cssSelector: .logo
18:41:04.572  INFO  manager.MyListener - WebDriver start find element -->By.cssSelector: #city
18:41:07.250  INFO  manager.MyListener - WebDriver start find element -->By.cssSelector: .pac-item
18:41:10.016  INFO  manager.MyListener - WebDriver start find element -->By.cssSelector: #dates
18:41:10.310  INFO  manager.MyListener - WebDriver start find element -->By.id: dates
18:41:11.470  INFO  manager.MyListener - WebDriver start find element -->By.cssSelector: [aria-label='Next month']
18:41:12.358  INFO  manager.MyListener - WebDriver start find element -->By.xpath: //div[text()=' 10 ']
18:41:13.320  INFO  manager.MyListener - WebDriver start find element -->By.cssSelector: [aria-label='Next month']
18:41:14.111  INFO  manager.MyListener - WebDriver start find element -->By.cssSelector: [aria-label='Next month']
18:41:14.795  INFO  manager.MyListener - WebDriver start find element -->By.cssSelector: [aria-label='Next month']
18:41:15.505  INFO  manager.MyListener - WebDriver start find element -->By.cssSelector: [aria-label='Next month']
18:41:16.362  INFO  manager.MyListener - WebDriver start find element -->By.cssSelector: [aria-label='Next month']
18:41:17.151  INFO  manager.MyListener - WebDriver start find element -->By.cssSelector: [aria-label='Next month']
18:41:17.945  INFO  manager.MyListener - WebDriver start find element -->By.cssSelector: [aria-label='Next month']
18:41:18.988  INFO  manager.MyListener - WebDriver start find element -->By.xpath: //div[text()=' 20 ']
18:41:20.007  INFO  manager.MyListener - WebDriver start find element -->By.cssSelector: button[type='submit']
18:41:20.249  INFO  manager.MyListener - WebDriver start find element -->By.cssSelector: button[type='submit']
18:41:23.201  INFO  manager.MyListener - New Before find by --> By.cssSelector: .car-img-container.ng-star-inserted
18:41:26.407  INFO  tests.TestBase - Start test with name ---->searchCurrentMonth
18:41:26.412  INFO  manager.MyListener - WebDriver start find element -->By.cssSelector: .logo
18:41:30.718  INFO  manager.MyListener - WebDriver start find element -->By.cssSelector: #city
18:41:34.309  INFO  manager.MyListener - WebDriver start find element -->By.cssSelector: .pac-item
18:41:35.090  INFO  manager.MyListener - WebDriver start find element -->By.cssSelector: #dates
18:41:35.218  INFO  manager.MyListener - WebDriver start find element -->By.id: dates
18:41:36.230  INFO  manager.MyListener - WebDriver start find element -->By.xpath: //div[text()=' 27 ']
18:41:36.862  INFO  manager.MyListener - WebDriver start find element -->By.xpath: //div[text()=' 28 ']
18:41:37.398  INFO  manager.MyListener - WebDriver start find element -->By.cssSelector: button[type='submit']
18:41:37.591  INFO  manager.MyListener - WebDriver start find element -->By.cssSelector: button[type='submit']
18:41:40.105  INFO  manager.MyListener - New Before find by --> By.cssSelector: .car-img-container.ng-star-inserted
18:41:46.749  INFO  tests.TestBase - Start test with name ---->searchCurrentYear
18:41:46.759  INFO  manager.MyListener - WebDriver start find element -->By.cssSelector: .logo
18:41:59.046  INFO  manager.MyListener - WebDriver start find element -->By.cssSelector: #city
18:42:04.047  INFO  manager.MyListener - WebDriver start find element -->By.cssSelector: .pac-item
18:42:04.840  INFO  manager.MyListener - WebDriver start find element -->By.cssSelector: #dates
18:42:04.981  INFO  manager.MyListener - WebDriver start find element -->By.id: dates
18:42:06.049  INFO  manager.MyListener - WebDriver start find element -->By.cssSelector: [aria-label='Next month']
18:42:07.177  INFO  manager.MyListener - WebDriver start find element -->By.xpath: //div[text()=' 10 ']
18:42:08.100  INFO  manager.MyListener - WebDriver start find element -->By.cssSelector: [aria-label='Next month']
18:42:08.800  INFO  manager.MyListener - WebDriver start find element -->By.cssSelector: [aria-label='Next month']
18:42:09.719  INFO  manager.MyListener - WebDriver start find element -->By.xpath: //div[text()=' 23 ']
18:42:10.623  INFO  manager.MyListener - WebDriver start find element -->By.cssSelector: button[type='submit']
18:42:10.718  INFO  manager.MyListener - WebDriver start find element -->By.cssSelector: button[type='submit']
18:42:12.451  INFO  manager.MyListener - New Before find by --> By.cssSelector: .car-img-container.ng-star-inserted
18:42:18.275  INFO  tests.TestBase - Start test with name ---->searchCurrentYearLocalDate
18:42:18.285  INFO  manager.MyListener - WebDriver start find element -->By.cssSelector: .logo
18:42:21.706  INFO  manager.MyListener - WebDriver start find element -->By.cssSelector: #city
18:42:25.130  INFO  manager.MyListener - WebDriver start find element -->By.cssSelector: .pac-item
18:42:27.907  INFO  manager.MyListener - WebDriver start find element -->By.cssSelector: #dates
18:42:28.102  INFO  manager.MyListener - WebDriver start find element -->By.id: dates
18:42:29.027  INFO  manager.MyListener - WebDriver start find element -->By.cssSelector: [aria-label='Next month']
18:42:29.795  INFO  manager.MyListener - WebDriver start find element -->By.xpath: //div[text()=' 10 ']
18:42:30.557  INFO  manager.MyListener - WebDriver start find element -->By.cssSelector: [aria-label='Next month']
18:42:31.251  INFO  manager.MyListener - WebDriver start find element -->By.cssSelector: [aria-label='Next month']
18:42:32.159  INFO  manager.MyListener - WebDriver start find element -->By.xpath: //div[text()=' 23 ']
18:42:32.913  INFO  manager.MyListener - WebDriver start find element -->By.cssSelector: button[type='submit']
18:42:33.129  INFO  manager.MyListener - WebDriver start find element -->By.cssSelector: button[type='submit']
18:42:34.911  INFO  manager.MyListener - New Before find by --> By.cssSelector: .car-img-container.ng-star-inserted
18:42:38.378  INFO  tests.TestBase - Start test with name ---->searchPeriodPast
18:42:38.382  INFO  manager.MyListener - WebDriver start find element -->By.cssSelector: .logo
18:42:41.686  INFO  manager.MyListener - WebDriver start find element -->By.cssSelector: #city
18:42:45.080  INFO  manager.MyListener - WebDriver start find element -->By.cssSelector: .pac-item
18:42:47.914  INFO  manager.MyListener - WebDriver start find element -->By.cssSelector: #dates
18:42:48.055  INFO  manager.MyListener - WebDriver start find element -->By.cssSelector: #dates
18:42:48.088  INFO  manager.MyListener - WebDriver start find element -->By.cssSelector: #dates
18:42:49.964  INFO  manager.MyListener - WebDriver start find element -->By.cssSelector: .cdk-overlay-container
18:42:50.526  INFO  manager.MyListener - WebDriver start find element -->By.cssSelector: button[type='submit']
18:42:51.466  INFO  manager.MyListener - WebDriver start find element -->By.cssSelector: [type='submit']
18:42:52.551  INFO  manager.MyListener - WebDriver start find element -->By.xpath: //div[@class='ng-star-inserted']
18:43:20.389  INFO  manager.MyListener - The name of method with error -->quit
18:43:20.390  INFO  manager.MyListener - We have a problem ---> org.openqa.selenium.WebDriverException: Timed out waiting for driver server to stop.
Build info: version: '4.2.2', revision: '683ccb65d6'
System info: host: 'ALEXPC', ip: '192.168.1.108', os.name: 'Windows 8.1', os.arch: 'amd64', os.version: '6.3', java.version: '11.0.15.1'
Driver info: org.openqa.selenium.firefox.FirefoxDriver
Command: [a209124c-beba-4284-a8c3-cd78a1198257, quit {}]
Capabilities {acceptInsecureCerts: true, browserName: firefox, browserVersion: 102.0.1, moz:accessibilityChecks: false, moz:buildID: 20220705093820, moz:debuggerAddress: localhost:51062, moz:geckodriverVersion: 0.31.0, moz:headless: false, moz:processID: 12044, moz:profile: C:\Users\alex\AppData\Local..., moz:shutdownTimeout: 60000, moz:useNonSpecCompliantPointerOrigin: false, moz:webdriverClick: true, moz:windowless: false, pageLoadStrategy: normal, platformName: WINDOWS, platformVersion: 6.3, proxy: Proxy(), se:cdp: ws://localhost:51062/devtoo..., se:cdpVersion: 85.0, setWindowRect: true, strictFileInteractability: false, timeouts: {implicit: 0, pageLoad: 300000, script: 30000}, unhandledPromptBehavior: dismiss and notify}
Session ID: a209124c-beba-4284-a8c3-cd78a1198257
