13:07:51.167  INFO  manager.ApplicationManager - All Tests run in Chrome Driver ------>
13:08:42.097  INFO  manager.ApplicationManager - Current Url --->https://ilcarro-1578153671498.web.app/search
13:08:42.944  INFO  tests.TestBase - Start test with name ---->registrationSuccess
13:08:43.058  INFO  manager.MyListener - New Before find by --> By.xpath: //a[text()=' Logout ']
13:08:48.296  INFO  manager.MyListener - WebDriver start find element -->By.xpath: //a[text()=' Sign up ']
13:08:50.413  INFO  manager.MyListener - WebDriver start find element -->By.id: name
13:08:52.575  INFO  manager.MyListener - WebDriver start find element -->By.id: lastName
13:08:53.419  INFO  manager.MyListener - WebDriver start find element -->By.id: email
13:08:55.380  INFO  manager.MyListener - WebDriver start find element -->By.id: password
13:08:57.046  INFO  manager.MyListener - WebDriver start find element -->By.cssSelector: label[for='terms-of-use']
13:08:58.207  INFO  manager.MyListener - WebDriver start find element -->By.cssSelector: button[type='submit']
13:08:59.138  INFO  manager.MyListener - WebDriver start find element -->By.cssSelector: button[type='submit']
13:09:01.689  INFO  manager.MyListener - WebDriver start find element -->By.cssSelector: div.dialog-container
13:09:02.047  INFO  manager.MyListener - WebDriver start find element -->By.cssSelector: div.dialog-container h1
13:09:02.409  INFO  manager.MyListener - New Before find by --> By.xpath: //button[text()='Ok']
13:09:02.580  INFO  manager.MyListener - WebDriver start find element -->By.xpath: //button[text()='Ok']
13:09:02.859  INFO  tests.TestBase - Start test with name ---->addNewCarSuccess
13:09:02.864  INFO  manager.MyListener - New Before find by --> By.xpath: //a[text()=' Logout ']
13:09:03.457  INFO  manager.MyListener - WebDriver start find element -->By.xpath: //a[@id='1']
13:09:05.141  INFO  manager.MyListener - WebDriver start find element -->By.id: pickUpPlace
13:09:06.227  INFO  manager.MyListener - WebDriver start find element -->By.cssSelector: div.pac-item
13:09:08.441  INFO  manager.MyListener - WebDriver start find element -->By.id: make
13:09:09.176  INFO  manager.MyListener - WebDriver start find element -->By.id: model
13:09:10.171  INFO  manager.MyListener - WebDriver start find element -->By.id: year
13:09:11.072  INFO  manager.MyListener - WebDriver start find element -->By.id: engine
13:09:11.799  INFO  manager.MyListener - WebDriver start find element -->By.id: fuel
13:09:12.291  INFO  manager.MyListener - WebDriver start find element -->By.id: gear
13:09:13.169  INFO  manager.MyListener - WebDriver start find element -->By.id: wheelsDrive
13:09:13.955  INFO  manager.MyListener - WebDriver start find element -->By.id: doors
13:09:15.223  INFO  manager.MyListener - WebDriver start find element -->By.id: seats
13:09:16.465  INFO  manager.MyListener - WebDriver start find element -->By.id: class
13:09:17.344  INFO  manager.MyListener - WebDriver start find element -->By.id: fuelConsumption
13:09:18.291  INFO  manager.MyListener - WebDriver start find element -->By.id: serialNumber
13:09:19.716  INFO  manager.MyListener - WebDriver start find element -->By.id: price
13:09:20.514  INFO  manager.MyListener - WebDriver start find element -->By.id: distance
13:09:21.563  INFO  manager.MyListener - WebDriver start find element -->By.cssSelector: input[placeholder='Type feature']
13:09:22.536  INFO  manager.MyListener - WebDriver start find element -->By.id: about
13:09:23.181  INFO  manager.MyListener - WebDriver start find element -->By.id: photos
13:09:23.546  INFO  manager.MyListener - WebDriver start find element -->By.cssSelector: button[type='submit']
13:09:25.730  INFO  manager.MyListener - WebDriver start find element -->By.cssSelector: button[type='submit']
13:09:27.970  INFO  manager.MyListener - WebDriver start find element -->By.cssSelector: div.dialog-container
13:09:28.372  INFO  manager.MyListener - WebDriver start find element -->By.cssSelector: div.dialog-container h1
13:09:28.718  INFO  manager.MyListener - WebDriver start find element -->By.xpath: //button[text()='Search cars']
13:09:28.965  INFO  tests.TestBase - Start test with name ---->searchAnyPeriod
13:09:28.969  INFO  manager.MyListener - WebDriver start find element -->By.cssSelector: .logo
13:09:36.157  INFO  manager.MyListener - WebDriver start find element -->By.cssSelector: #city
13:09:39.682  INFO  manager.MyListener - WebDriver start find element -->By.cssSelector: .pac-item
13:09:42.280  INFO  manager.MyListener - WebDriver start find element -->By.cssSelector: #dates
13:09:43.252  INFO  manager.MyListener - WebDriver start find element -->By.id: dates
13:09:44.301  INFO  manager.MyListener - WebDriver start find element -->By.cssSelector: [aria-label='Next month']
13:09:44.978  INFO  manager.MyListener - WebDriver start find element -->By.xpath: //div[text()=' 10 ']
13:09:45.981  INFO  manager.MyListener - WebDriver start find element -->By.cssSelector: [aria-label='Next month']
13:09:46.299  INFO  manager.MyListener - WebDriver start find element -->By.cssSelector: [aria-label='Next month']
13:09:46.596  INFO  manager.MyListener - WebDriver start find element -->By.cssSelector: [aria-label='Next month']
13:09:46.896  INFO  manager.MyListener - WebDriver start find element -->By.cssSelector: [aria-label='Next month']
13:09:47.194  INFO  manager.MyListener - WebDriver start find element -->By.cssSelector: [aria-label='Next month']
13:09:47.615  INFO  manager.MyListener - WebDriver start find element -->By.cssSelector: [aria-label='Next month']
13:09:48.223  INFO  manager.MyListener - WebDriver start find element -->By.cssSelector: [aria-label='Next month']
13:09:48.734  INFO  manager.MyListener - WebDriver start find element -->By.xpath: //div[text()=' 20 ']
13:09:49.466  INFO  manager.MyListener - WebDriver start find element -->By.cssSelector: button[type='submit']
13:09:49.825  INFO  manager.MyListener - WebDriver start find element -->By.cssSelector: button[type='submit']
13:09:50.897  INFO  manager.MyListener - New Before find by --> By.cssSelector: .car-img-container.ng-star-inserted
