17:07:41.538  INFO  manager.ApplicationManager - All Tests run in Chrome Driver ------>
17:07:58.163  INFO  manager.ApplicationManager - Current Url --->https://ilcarro-1578153671498.web.app/search
17:07:59.150  INFO  tests.TestBase - Start test with name ---->addNewCarSuccsess
17:07:59.209  INFO  manager.MyListener - New Before find by --> By.cssSelector: a[href^='/logout']
17:08:04.329  INFO  manager.MyListener - WebDriver start find element -->By.xpath: //a[text()=' Log in ']
17:08:05.718  INFO  manager.MyListener - WebDriver start find element -->By.id: email
17:08:06.842  INFO  manager.MyListener - WebDriver start find element -->By.id: password
17:08:07.587  INFO  manager.MyListener - WebDriver start find element -->By.cssSelector: button[type='submit']
17:08:08.127  INFO  manager.MyListener - WebDriver start find element -->By.cssSelector: button[type='submit']
17:08:08.567  INFO  manager.MyListener - New Before find by --> By.xpath: //button[text()='Ok']
17:08:14.247  INFO  manager.MyListener - WebDriver start find element -->By.xpath: //button[text()='Ok']
17:08:14.670  INFO  manager.MyListener - WebDriver start find element -->By.id: 1
17:08:16.351  INFO  manager.MyListener - WebDriver start find element -->By.id: pickUpPlace
17:08:17.530  INFO  manager.MyListener - WebDriver start find element -->By.cssSelector: div.pac-item
17:08:19.636  INFO  manager.MyListener - WebDriver start find element -->By.id: make
17:08:20.259  INFO  manager.MyListener - WebDriver start find element -->By.id: model
17:08:20.774  INFO  manager.MyListener - WebDriver start find element -->By.id: year
17:08:21.472  INFO  manager.MyListener - WebDriver start find element -->By.id: engine
17:08:21.996  INFO  manager.MyListener - WebDriver start find element -->By.id: fuel
17:08:22.552  INFO  manager.MyListener - WebDriver start find element -->By.id: gear
17:08:23.057  INFO  manager.MyListener - WebDriver start find element -->By.id: wheelsDrive
17:08:23.721  INFO  manager.MyListener - WebDriver start find element -->By.id: doors
17:08:24.433  INFO  manager.MyListener - WebDriver start find element -->By.id: seats
17:08:25.436  INFO  manager.MyListener - WebDriver start find element -->By.id: class
17:08:26.006  INFO  manager.MyListener - WebDriver start find element -->By.id: fuelConsumption
17:08:26.775  INFO  manager.MyListener - WebDriver start find element -->By.id: serialNumber
17:08:27.447  INFO  manager.MyListener - WebDriver start find element -->By.id: price
17:08:28.049  INFO  manager.MyListener - WebDriver start find element -->By.id: distance
17:08:28.633  INFO  manager.MyListener - WebDriver start find element -->By.cssSelector: input[placeholder='Type feature']
17:08:29.065  INFO  manager.MyListener - WebDriver start find element -->By.id: about
17:08:30.262  INFO  manager.MyListener - WebDriver start find element -->By.id: photos
17:08:30.684  INFO  manager.MyListener - WebDriver start find element -->By.cssSelector: button[type='submit']
17:08:33.379  INFO  manager.MyListener - WebDriver start find element -->By.cssSelector: button[type='submit']
17:08:36.094  INFO  manager.MyListener - WebDriver start find element -->By.cssSelector: div.dialog-container
17:08:36.603  INFO  manager.MyListener - WebDriver start find element -->By.cssSelector: div.dialog-container h1
17:08:36.774  INFO  manager.MyListener - WebDriver start find element -->By.xpath: //button[text()='Search cars']
17:08:37.229  INFO  tests.TestBase - Start test with name ---->loginSuccess
17:08:37.234  INFO  manager.MyListener - New Before find by --> By.cssSelector: a[href^='/logout']
17:08:37.636  INFO  manager.MyListener - WebDriver start find element -->By.cssSelector: a[href^='/logout']
17:08:38.214  INFO  tests.TestBase - Test start with logout
17:08:38.220  INFO  tests.TestBase - Test start with email : noa@gmail.com & password: Nnoa12345$
17:08:38.221  INFO  manager.MyListener - WebDriver start find element -->By.xpath: //a[text()=' Log in ']
17:08:38.705  INFO  manager.MyListener - WebDriver start find element -->By.id: email
17:08:41.984  INFO  manager.MyListener - WebDriver start find element -->By.id: password
17:08:42.639  INFO  manager.MyListener - WebDriver start find element -->By.cssSelector: button[type='submit']
17:08:42.842  INFO  manager.MyListener - WebDriver start find element -->By.cssSelector: button[type='submit']
17:08:43.236  INFO  tests.TestBase - Logged------>
17:08:45.318  INFO  manager.MyListener - WebDriver start find element -->By.cssSelector: div.dialog-container
17:08:47.593  INFO  manager.MyListener - WebDriver start find element -->By.cssSelector: div.dialog-container h1
17:08:47.764  INFO  manager.MyListener - New Before find by --> By.xpath: //button[text()='Ok']
17:08:47.910  INFO  manager.MyListener - WebDriver start find element -->By.xpath: //button[text()='Ok']
17:08:48.365  INFO  tests.TestBase - Start test with name ---->loginSuccess
17:08:48.370  INFO  manager.MyListener - New Before find by --> By.cssSelector: a[href^='/logout']
17:08:49.194  INFO  manager.MyListener - WebDriver start find element -->By.cssSelector: a[href^='/logout']
17:08:49.972  INFO  tests.TestBase - Test start with logout
17:08:49.975  INFO  tests.TestBase - Test start with email : tanya@gmail.ru & password: Ttanya123$
17:08:49.976  INFO  manager.MyListener - WebDriver start find element -->By.xpath: //a[text()=' Log in ']
17:08:50.502  INFO  manager.MyListener - WebDriver start find element -->By.id: email
17:08:52.777  INFO  manager.MyListener - WebDriver start find element -->By.id: password
17:08:53.282  INFO  manager.MyListener - WebDriver start find element -->By.cssSelector: button[type='submit']
17:08:53.499  INFO  manager.MyListener - WebDriver start find element -->By.cssSelector: button[type='submit']
17:08:53.869  INFO  tests.TestBase - Logged------>
17:08:55.877  INFO  manager.MyListener - WebDriver start find element -->By.cssSelector: div.dialog-container
17:08:55.998  INFO  manager.MyListener - WebDriver start find element -->By.cssSelector: div.dialog-container h1
17:08:56.060  INFO  manager.MyListener - New Before find by --> By.xpath: //button[text()='Ok']
17:08:56.097  INFO  manager.MyListener - WebDriver start find element -->By.xpath: //button[text()='Ok']
17:08:56.402  INFO  tests.TestBase - Start test with name ---->loginSuccess
17:08:56.427  INFO  manager.MyListener - New Before find by --> By.cssSelector: a[href^='/logout']
17:08:57.191  INFO  manager.MyListener - WebDriver start find element -->By.cssSelector: a[href^='/logout']
17:08:57.981  INFO  tests.TestBase - Test start with logout
17:08:57.986  INFO  tests.TestBase - Test start with email : noa@gmail.com & password: Nnoa12345$
17:08:57.987  INFO  manager.MyListener - WebDriver start find element -->By.xpath: //a[text()=' Log in ']
17:08:58.536  INFO  manager.MyListener - WebDriver start find element -->By.id: email
17:09:00.411  INFO  manager.MyListener - WebDriver start find element -->By.id: password
17:09:00.980  INFO  manager.MyListener - WebDriver start find element -->By.cssSelector: button[type='submit']
17:09:01.190  INFO  manager.MyListener - WebDriver start find element -->By.cssSelector: button[type='submit']
17:09:01.706  INFO  tests.TestBase - Logged------>
17:09:03.709  INFO  manager.MyListener - WebDriver start find element -->By.cssSelector: div.dialog-container
17:09:03.929  INFO  manager.MyListener - WebDriver start find element -->By.cssSelector: div.dialog-container h1
17:09:04.034  INFO  manager.MyListener - New Before find by --> By.xpath: //button[text()='Ok']
17:09:04.084  INFO  manager.MyListener - WebDriver start find element -->By.xpath: //button[text()='Ok']
17:09:04.490  INFO  tests.TestBase - Start test with name ---->loginSuccess
17:09:04.496  INFO  manager.MyListener - New Before find by --> By.cssSelector: a[href^='/logout']
17:09:04.988  INFO  manager.MyListener - WebDriver start find element -->By.cssSelector: a[href^='/logout']
17:09:05.702  INFO  tests.TestBase - Test start with logout
17:09:05.707  INFO  tests.TestBase - Test start with email : tanya@gmail.ru & password: Ttanya123$
17:09:05.709  INFO  manager.MyListener - WebDriver start find element -->By.xpath: //a[text()=' Log in ']
17:09:06.285  INFO  manager.MyListener - WebDriver start find element -->By.id: email
17:09:08.187  INFO  manager.MyListener - WebDriver start find element -->By.id: password
17:09:08.807  INFO  manager.MyListener - WebDriver start find element -->By.cssSelector: button[type='submit']
17:09:09.012  INFO  manager.MyListener - WebDriver start find element -->By.cssSelector: button[type='submit']
17:09:09.370  INFO  tests.TestBase - Logged------>
17:09:11.399  INFO  manager.MyListener - WebDriver start find element -->By.cssSelector: div.dialog-container
17:09:11.537  INFO  manager.MyListener - WebDriver start find element -->By.cssSelector: div.dialog-container h1
17:09:11.602  INFO  manager.MyListener - New Before find by --> By.xpath: //button[text()='Ok']
17:09:11.635  INFO  manager.MyListener - WebDriver start find element -->By.xpath: //button[text()='Ok']
17:09:11.974  INFO  tests.TestBase - Start test with name ---->loginSuccess2
17:09:11.982  INFO  manager.MyListener - New Before find by --> By.cssSelector: a[href^='/logout']
17:09:12.732  INFO  manager.MyListener - WebDriver start find element -->By.cssSelector: a[href^='/logout']
17:09:13.746  INFO  tests.TestBase - Test start with logout
17:09:13.750  INFO  manager.MyListener - WebDriver start find element -->By.xpath: //a[text()=' Log in ']
17:09:14.149  INFO  manager.MyListener - WebDriver start find element -->By.id: email
17:09:16.186  INFO  manager.MyListener - WebDriver start find element -->By.id: password
17:09:16.594  INFO  manager.MyListener - WebDriver start find element -->By.cssSelector: button[type='submit']
17:09:16.795  INFO  manager.MyListener - WebDriver start find element -->By.cssSelector: button[type='submit']
17:09:17.170  INFO  tests.TestBase - Logged------>
17:09:19.181  INFO  manager.MyListener - WebDriver start find element -->By.cssSelector: div.dialog-container
17:09:19.452  INFO  manager.MyListener - WebDriver start find element -->By.cssSelector: div.dialog-container h1
17:09:19.560  INFO  manager.MyListener - New Before find by --> By.xpath: //button[text()='Ok']
17:09:19.614  INFO  manager.MyListener - WebDriver start find element -->By.xpath: //button[text()='Ok']
17:09:19.964  INFO  tests.TestBase - Start test with name ---->loginSuccessDP
17:09:19.978  INFO  manager.MyListener - New Before find by --> By.cssSelector: a[href^='/logout']
17:09:20.946  INFO  manager.MyListener - WebDriver start find element -->By.cssSelector: a[href^='/logout']
17:09:21.726  INFO  tests.TestBase - Test start with logout
17:09:21.849  INFO  manager.MyListener - WebDriver start find element -->By.xpath: //a[text()=' Log in ']
17:09:22.341  INFO  manager.MyListener - WebDriver start find element -->By.id: email
17:09:22.897  INFO  manager.MyListener - WebDriver start find element -->By.id: password
17:09:23.407  INFO  manager.MyListener - WebDriver start find element -->By.cssSelector: button[type='submit']
17:09:23.589  INFO  manager.MyListener - WebDriver start find element -->By.cssSelector: button[type='submit']
17:09:23.968  INFO  tests.TestBase - Logged------>
17:09:25.970  INFO  manager.MyListener - WebDriver start find element -->By.cssSelector: div.dialog-container
17:09:26.023  INFO  manager.MyListener - WebDriver start find element -->By.cssSelector: div.dialog-container h1
17:09:26.050  INFO  manager.MyListener - New Before find by --> By.xpath: //button[text()='Ok']
17:09:26.068  INFO  manager.MyListener - WebDriver start find element -->By.xpath: //button[text()='Ok']
17:09:26.337  INFO  tests.TestBase - Start test with name ---->loginSuccessDP
17:09:26.350  INFO  manager.MyListener - New Before find by --> By.cssSelector: a[href^='/logout']
17:09:26.662  INFO  manager.MyListener - WebDriver start find element -->By.cssSelector: a[href^='/logout']
17:09:27.505  INFO  tests.TestBase - Test start with logout
17:09:27.517  INFO  manager.MyListener - WebDriver start find element -->By.xpath: //a[text()=' Log in ']
17:09:28.152  INFO  manager.MyListener - WebDriver start find element -->By.id: email
17:09:28.600  INFO  manager.MyListener - WebDriver start find element -->By.id: password
17:09:29.009  INFO  manager.MyListener - WebDriver start find element -->By.cssSelector: button[type='submit']
17:09:29.153  INFO  manager.MyListener - WebDriver start find element -->By.cssSelector: button[type='submit']
17:09:29.510  INFO  tests.TestBase - Logged------>
17:09:31.514  INFO  manager.MyListener - WebDriver start find element -->By.cssSelector: div.dialog-container
17:09:31.571  INFO  manager.MyListener - WebDriver start find element -->By.cssSelector: div.dialog-container h1
17:09:31.608  INFO  manager.MyListener - New Before find by --> By.xpath: //button[text()='Ok']
17:09:31.632  INFO  manager.MyListener - WebDriver start find element -->By.xpath: //button[text()='Ok']
17:09:31.897  INFO  tests.TestBase - Start test with name ---->loginSuccessDP
17:09:31.904  INFO  manager.MyListener - New Before find by --> By.cssSelector: a[href^='/logout']
17:09:32.492  INFO  manager.MyListener - WebDriver start find element -->By.cssSelector: a[href^='/logout']
17:09:33.552  INFO  tests.TestBase - Test start with logout
17:09:33.555  INFO  manager.MyListener - WebDriver start find element -->By.xpath: //a[text()=' Log in ']
17:09:34.070  INFO  manager.MyListener - WebDriver start find element -->By.id: email
17:09:34.719  INFO  manager.MyListener - WebDriver start find element -->By.id: password
17:09:35.175  INFO  manager.MyListener - WebDriver start find element -->By.cssSelector: button[type='submit']
17:09:35.330  INFO  manager.MyListener - WebDriver start find element -->By.cssSelector: button[type='submit']
17:09:36.972  INFO  tests.TestBase - Logged------>
17:09:38.973  INFO  manager.MyListener - WebDriver start find element -->By.cssSelector: div.dialog-container
17:09:39.088  INFO  manager.MyListener - WebDriver start find element -->By.cssSelector: div.dialog-container h1
17:09:39.155  INFO  manager.MyListener - New Before find by --> By.xpath: //button[text()='Ok']
17:09:39.314  INFO  manager.MyListener - WebDriver start find element -->By.xpath: //button[text()='Ok']
17:09:39.686  INFO  tests.TestBase - Start test with name ---->loginSuccessDP
17:09:39.696  INFO  manager.MyListener - New Before find by --> By.cssSelector: a[href^='/logout']
17:09:40.547  INFO  manager.MyListener - WebDriver start find element -->By.cssSelector: a[href^='/logout']
17:09:41.497  INFO  tests.TestBase - Test start with logout
17:09:41.500  INFO  manager.MyListener - WebDriver start find element -->By.xpath: //a[text()=' Log in ']
17:09:41.989  INFO  manager.MyListener - WebDriver start find element -->By.id: email
17:09:42.436  INFO  manager.MyListener - WebDriver start find element -->By.id: password
17:09:42.905  INFO  manager.MyListener - WebDriver start find element -->By.cssSelector: button[type='submit']
17:09:43.022  INFO  manager.MyListener - WebDriver start find element -->By.cssSelector: button[type='submit']
17:09:43.355  INFO  tests.TestBase - Logged------>
17:09:45.357  INFO  manager.MyListener - WebDriver start find element -->By.cssSelector: div.dialog-container
17:09:45.465  INFO  manager.MyListener - WebDriver start find element -->By.cssSelector: div.dialog-container h1
17:09:45.514  INFO  manager.MyListener - New Before find by --> By.xpath: //button[text()='Ok']
17:09:45.547  INFO  manager.MyListener - WebDriver start find element -->By.xpath: //button[text()='Ok']
17:09:45.878  INFO  tests.TestBase - Start test with name ---->registrationSuccess
17:09:45.883  INFO  manager.MyListener - New Before find by --> By.cssSelector: a[href^='/logout']
17:09:46.295  INFO  manager.MyListener - WebDriver start find element -->By.cssSelector: a[href^='/logout']
17:09:47.149  INFO  manager.MyListener - WebDriver start find element -->By.xpath: //a[text()=' Sign up ']
17:09:47.991  INFO  manager.MyListener - WebDriver start find element -->By.id: name
17:09:48.454  INFO  manager.MyListener - WebDriver start find element -->By.id: lastName
17:09:48.995  INFO  manager.MyListener - WebDriver start find element -->By.id: email
17:09:49.724  INFO  manager.MyListener - WebDriver start find element -->By.id: password
17:09:50.205  INFO  manager.MyListener - WebDriver start find element -->By.cssSelector: label[for='terms-of-use']
17:09:50.833  INFO  manager.MyListener - WebDriver start find element -->By.cssSelector: button[type='submit']
17:09:50.994  INFO  manager.MyListener - WebDriver start find element -->By.cssSelector: button[type='submit']
17:09:53.346  INFO  manager.MyListener - WebDriver start find element -->By.cssSelector: div.dialog-container
17:09:53.554  INFO  manager.MyListener - WebDriver start find element -->By.cssSelector: div.dialog-container h1
17:09:53.633  INFO  manager.MyListener - New Before find by --> By.xpath: //button[text()='Ok']
17:09:53.664  INFO  manager.MyListener - WebDriver start find element -->By.xpath: //button[text()='Ok']
17:09:54.039  INFO  tests.TestBase - Start test with name ---->registrationSuccess2
17:09:54.050  INFO  manager.MyListener - New Before find by --> By.cssSelector: a[href^='/logout']
17:09:54.877  INFO  manager.MyListener - WebDriver start find element -->By.cssSelector: a[href^='/logout']
17:09:55.544  INFO  manager.MyListener - WebDriver start find element -->By.xpath: //a[text()=' Sign up ']
17:09:55.919  INFO  manager.MyListener - WebDriver start find element -->By.id: name
17:09:56.324  INFO  manager.MyListener - WebDriver start find element -->By.id: lastName
17:09:56.794  INFO  manager.MyListener - WebDriver start find element -->By.id: email
17:09:57.868  INFO  manager.MyListener - WebDriver start find element -->By.id: password
17:10:00.466  INFO  manager.MyListener - WebDriver start find element -->By.cssSelector: label[for='terms-of-use']
17:10:01.003  INFO  manager.MyListener - WebDriver start find element -->By.cssSelector: button[type='submit']
17:10:01.326  INFO  manager.MyListener - WebDriver start find element -->By.cssSelector: button[type='submit']
17:10:05.807  INFO  manager.MyListener - WebDriver start find element -->By.cssSelector: div.dialog-container
17:10:05.933  INFO  manager.MyListener - WebDriver start find element -->By.cssSelector: div.dialog-container h1
17:10:06.086  INFO  manager.MyListener - New Before find by --> By.xpath: //button[text()='Ok']
17:10:06.155  INFO  manager.MyListener - WebDriver start find element -->By.xpath: //button[text()='Ok']
17:10:06.459  INFO  tests.TestBase - Start test with name ---->registrationSuccess2
17:10:06.462  INFO  manager.MyListener - New Before find by --> By.cssSelector: a[href^='/logout']
17:10:11.732  INFO  manager.MyListener - WebDriver start find element -->By.xpath: //a[text()=' Sign up ']
17:10:12.116  INFO  manager.MyListener - WebDriver start find element -->By.id: name
17:10:12.503  INFO  manager.MyListener - WebDriver start find element -->By.id: lastName
17:10:12.833  INFO  manager.MyListener - WebDriver start find element -->By.id: email
17:10:13.226  INFO  manager.MyListener - WebDriver start find element -->By.id: password
17:10:15.755  INFO  manager.MyListener - WebDriver start find element -->By.cssSelector: label[for='terms-of-use']
17:10:16.269  INFO  manager.MyListener - WebDriver start find element -->By.cssSelector: button[type='submit']
17:10:21.751  INFO  manager.MyListener - New Before find by --> By.xpath: //button[text()='Ok']
17:10:26.771  INFO  tests.TestBase - Start test with name ---->registrationSuccess2
17:10:26.772  INFO  manager.MyListener - New Before find by --> By.cssSelector: a[href^='/logout']
17:10:31.784  INFO  manager.MyListener - WebDriver start find element -->By.xpath: //a[text()=' Sign up ']
17:10:32.043  INFO  manager.MyListener - WebDriver start find element -->By.id: name
17:10:32.370  INFO  manager.MyListener - WebDriver start find element -->By.id: lastName
17:10:32.777  INFO  manager.MyListener - WebDriver start find element -->By.id: email
17:10:33.423  INFO  manager.MyListener - WebDriver start find element -->By.id: password
17:10:35.932  INFO  manager.MyListener - WebDriver start find element -->By.cssSelector: label[for='terms-of-use']
17:10:36.351  INFO  manager.MyListener - WebDriver start find element -->By.cssSelector: button[type='submit']
17:10:36.482  INFO  manager.MyListener - WebDriver start find element -->By.cssSelector: button[type='submit']
17:10:40.867  INFO  manager.MyListener - WebDriver start find element -->By.cssSelector: div.dialog-container
17:10:40.943  INFO  manager.MyListener - WebDriver start find element -->By.cssSelector: div.dialog-container h1
17:10:40.991  INFO  manager.MyListener - New Before find by --> By.xpath: //button[text()='Ok']
17:10:41.018  INFO  manager.MyListener - WebDriver start find element -->By.xpath: //button[text()='Ok']
17:10:41.297  INFO  tests.TestBase - Start test with name ---->registrationWrongPasswordFormatSize
17:10:41.303  INFO  manager.MyListener - New Before find by --> By.cssSelector: a[href^='/logout']
17:10:46.329  INFO  manager.MyListener - WebDriver start find element -->By.xpath: //a[text()=' Sign up ']
17:10:46.592  INFO  manager.MyListener - WebDriver start find element -->By.id: name
17:10:46.875  INFO  manager.MyListener - WebDriver start find element -->By.id: lastName
17:10:47.182  INFO  manager.MyListener - WebDriver start find element -->By.id: email
17:10:47.575  INFO  manager.MyListener - WebDriver start find element -->By.id: password
17:10:47.964  INFO  manager.MyListener - WebDriver start find element -->By.cssSelector: label[for='terms-of-use']
17:10:51.118  INFO  manager.MyListener - WebDriver start find element -->By.cssSelector: div.error div:last-child
17:10:56.170  INFO  manager.MyListener - The name of method with error -->findElement
17:10:56.171  INFO  manager.MyListener - We have a problem ---> org.openqa.selenium.NoSuchElementException: Unable to locate element: div.error div:last-child
For documentation on this error, please visit: https://selenium.dev/exceptions/#no_such_element
Build info: version: '4.2.2', revision: '683ccb65d6'
System info: host: 'ALEXPC', ip: '192.168.1.108', os.name: 'Windows 8.1', os.arch: 'amd64', os.version: '6.3', java.version: '11.0.15.1'
Driver info: org.openqa.selenium.firefox.FirefoxDriver
Command: [7c453c67-0f95-401e-9b0f-6aee5016da7d, findElement {using=css selector, value=div.error div:last-child}]
Capabilities {acceptInsecureCerts: true, browserName: firefox, browserVersion: 102.0.1, moz:accessibilityChecks: false, moz:buildID: 20220705093820, moz:debuggerAddress: localhost:63844, moz:geckodriverVersion: 0.31.0, moz:headless: false, moz:processID: 15388, moz:profile: C:\Users\alex\AppData\Local..., moz:shutdownTimeout: 60000, moz:useNonSpecCompliantPointerOrigin: false, moz:webdriverClick: true, moz:windowless: false, pageLoadStrategy: normal, platformName: WINDOWS, platformVersion: 6.3, proxy: Proxy(), se:cdp: ws://localhost:63844/devtoo..., se:cdpVersion: 85.0, setWindowRect: true, strictFileInteractability: false, timeouts: {implicit: 0, pageLoad: 300000, script: 30000}, unhandledPromptBehavior: dismiss and notify}
Session ID: 7c453c67-0f95-401e-9b0f-6aee5016da7d
17:10:56.173  INFO  manager.MyListener - New Before find by --> By.xpath: //button[text()='Ok']
17:11:01.195  INFO  tests.TestBase - Start test with name ---->searchAnyPeriod
17:11:01.198  INFO  manager.MyListener - WebDriver start find element -->By.cssSelector: #city
17:11:06.220  INFO  manager.MyListener - The name of method with error -->findElement
17:11:06.223  INFO  manager.MyListener - We have a problem ---> org.openqa.selenium.NoSuchElementException: Unable to locate element: #city
For documentation on this error, please visit: https://selenium.dev/exceptions/#no_such_element
Build info: version: '4.2.2', revision: '683ccb65d6'
System info: host: 'ALEXPC', ip: '192.168.1.108', os.name: 'Windows 8.1', os.arch: 'amd64', os.version: '6.3', java.version: '11.0.15.1'
Driver info: org.openqa.selenium.firefox.FirefoxDriver
Command: [7c453c67-0f95-401e-9b0f-6aee5016da7d, findElement {using=css selector, value=#city}]
Capabilities {acceptInsecureCerts: true, browserName: firefox, browserVersion: 102.0.1, moz:accessibilityChecks: false, moz:buildID: 20220705093820, moz:debuggerAddress: localhost:63844, moz:geckodriverVersion: 0.31.0, moz:headless: false, moz:processID: 15388, moz:profile: C:\Users\alex\AppData\Local..., moz:shutdownTimeout: 60000, moz:useNonSpecCompliantPointerOrigin: false, moz:webdriverClick: true, moz:windowless: false, pageLoadStrategy: normal, platformName: WINDOWS, platformVersion: 6.3, proxy: Proxy(), se:cdp: ws://localhost:63844/devtoo..., se:cdpVersion: 85.0, setWindowRect: true, strictFileInteractability: false, timeouts: {implicit: 0, pageLoad: 300000, script: 30000}, unhandledPromptBehavior: dismiss and notify}
Session ID: 7c453c67-0f95-401e-9b0f-6aee5016da7d
17:11:06.231  INFO  manager.MyListener - WebDriver start find element -->By.cssSelector: .logo
17:11:08.848  INFO  tests.TestBase - Start test with name ---->searchCurrentMonth
17:11:08.850  INFO  manager.MyListener - WebDriver start find element -->By.cssSelector: #city
17:11:12.020  INFO  manager.MyListener - WebDriver start find element -->By.cssSelector: .pac-item
17:11:12.752  INFO  manager.MyListener - WebDriver start find element -->By.cssSelector: #dates
17:11:12.821  INFO  manager.MyListener - WebDriver start find element -->By.id: dates
17:11:13.325  INFO  manager.MyListener - WebDriver start find element -->By.xpath: //div[text()=' 27 ']
17:11:14.144  INFO  manager.MyListener - WebDriver start find element -->By.xpath: //div[text()=' 28 ']
17:11:14.780  INFO  manager.MyListener - WebDriver start find element -->By.cssSelector: button[type='submit']
17:11:15.024  INFO  manager.MyListener - WebDriver start find element -->By.cssSelector: button[type='submit']
17:11:16.343  INFO  manager.MyListener - New Before find by --> By.cssSelector: .car-img-container.ng-star-inserted
17:11:19.317  INFO  manager.MyListener - WebDriver start find element -->By.cssSelector: .logo
17:11:22.044  INFO  tests.TestBase - Start test with name ---->searchCurrentYear
17:11:22.046  INFO  manager.MyListener - WebDriver start find element -->By.cssSelector: #city
17:11:25.267  INFO  manager.MyListener - WebDriver start find element -->By.cssSelector: .pac-item
17:11:26.008  INFO  manager.MyListener - WebDriver start find element -->By.cssSelector: #dates
17:11:26.054  INFO  manager.MyListener - WebDriver start find element -->By.id: dates
17:11:26.433  INFO  manager.MyListener - WebDriver start find element -->By.cssSelector: [aria-label='Next month']
17:11:26.754  INFO  manager.MyListener - WebDriver start find element -->By.xpath: //div[text()=' 10 ']
17:11:27.146  INFO  manager.MyListener - WebDriver start find element -->By.cssSelector: [aria-label='Next month']
17:11:27.651  INFO  manager.MyListener - WebDriver start find element -->By.cssSelector: [aria-label='Next month']
17:11:28.077  INFO  manager.MyListener - WebDriver start find element -->By.xpath: //div[text()=' 23 ']
17:11:28.783  INFO  manager.MyListener - WebDriver start find element -->By.cssSelector: button[type='submit']
17:11:29.000  INFO  manager.MyListener - WebDriver start find element -->By.cssSelector: button[type='submit']
17:11:30.150  INFO  manager.MyListener - New Before find by --> By.cssSelector: .car-img-container.ng-star-inserted
17:11:35.256  INFO  manager.MyListener - WebDriver start find element -->By.cssSelector: .logo
17:11:37.427  INFO  tests.TestBase - Start test with name ---->searchCurrentYearLocalDate
17:11:37.429  INFO  manager.MyListener - WebDriver start find element -->By.cssSelector: #city
17:11:40.683  INFO  manager.MyListener - WebDriver start find element -->By.cssSelector: .pac-item
17:11:43.429  INFO  manager.MyListener - WebDriver start find element -->By.cssSelector: #dates
17:11:43.539  INFO  manager.MyListener - WebDriver start find element -->By.id: dates
17:11:43.916  INFO  manager.MyListener - WebDriver start find element -->By.cssSelector: [aria-label='Next month']
17:11:44.249  INFO  manager.MyListener - WebDriver start find element -->By.xpath: //div[text()=' 10 ']
17:11:44.567  INFO  manager.MyListener - WebDriver start find element -->By.cssSelector: [aria-label='Next month']
17:11:44.983  INFO  manager.MyListener - WebDriver start find element -->By.cssSelector: [aria-label='Next month']
17:11:45.410  INFO  manager.MyListener - WebDriver start find element -->By.xpath: //div[text()=' 23 ']
17:11:46.050  INFO  manager.MyListener - WebDriver start find element -->By.cssSelector: button[type='submit']
17:11:46.248  INFO  manager.MyListener - WebDriver start find element -->By.cssSelector: button[type='submit']
17:11:47.371  INFO  manager.MyListener - New Before find by --> By.cssSelector: .car-img-container.ng-star-inserted
17:11:49.606  INFO  manager.MyListener - WebDriver start find element -->By.cssSelector: .logo
17:11:50.821  INFO  tests.TestBase - Start test with name ---->searchPeriodPast
17:11:50.825  INFO  manager.MyListener - WebDriver start find element -->By.cssSelector: #city
17:11:53.906  INFO  manager.MyListener - WebDriver start find element -->By.cssSelector: .pac-item
17:11:56.636  INFO  manager.MyListener - WebDriver start find element -->By.cssSelector: #dates
17:11:56.698  INFO  manager.MyListener - WebDriver start find element -->By.cssSelector: #dates
17:11:56.713  INFO  manager.MyListener - WebDriver start find element -->By.cssSelector: #dates
17:11:57.174  INFO  manager.MyListener - WebDriver start find element -->By.cssSelector: .cdk-overlay-container
17:11:57.440  INFO  manager.MyListener - WebDriver start find element -->By.cssSelector: button[type='submit']
17:11:58.167  INFO  manager.MyListener - WebDriver start find element -->By.cssSelector: [type='submit']
17:11:59.188  INFO  manager.MyListener - WebDriver start find element -->By.xpath: //div[@class='ng-star-inserted']
17:11:59.740  INFO  manager.MyListener - WebDriver start find element -->By.cssSelector: .logo
