18:48:44.662  INFO  manager.ApplicationManager - All Tests run in Chrome Driver ------>
18:48:53.440  INFO  manager.ApplicationManager - Current Url --->https://ilcarro-1578153671498.web.app/search
18:48:53.774  INFO  tests.TestBase - Start test with name ---->searchCurrentMonth
18:48:53.785  INFO  manager.MyListener - WebDriver start find element -->By.id: city
18:48:55.326  INFO  manager.MyListener - WebDriver start find element -->By.cssSelector: .pac-item
18:48:57.465  INFO  manager.MyListener - WebDriver start find element -->By.id: dates
18:48:58.086  INFO  manager.MyListener - WebDriver start find element -->By.xpath: //div[text()=' 27 ']
18:48:59.140  INFO  manager.MyListener - WebDriver start find element -->By.xpath: //div[text()=' 28 ']
18:48:59.626  INFO  manager.MyListener - WebDriver start find element -->By.cssSelector: button[type='submit']
18:49:00.229  INFO  manager.MyListener - WebDriver start find element -->By.cssSelector: button[type='submit']
18:49:06.088  INFO  manager.MyListener - New Before find by --> By.cssSelector: .car-img-container.ng-star-inserted
18:49:07.768  INFO  tests.TestBase - Start test with name ---->searchCurrentYear
18:49:07.771  INFO  manager.MyListener - WebDriver start find element -->By.id: city
18:49:11.167  INFO  manager.MyListener - WebDriver start find element -->By.cssSelector: .pac-item
18:49:14.430  INFO  manager.MyListener - WebDriver start find element -->By.id: dates
18:49:19.510  INFO  manager.MyListener - The name of method with error -->findElement
18:49:19.531  INFO  manager.MyListener - We have a problem ---> org.openqa.selenium.NoSuchElementException: no such element: Unable to locate element: {"method":"css selector","selector":"#dates"}
  (Session info: chrome=103.0.5060.114)
For documentation on this error, please visit: https://selenium.dev/exceptions/#no_such_element
Build info: version: '4.2.2', revision: '683ccb65d6'
System info: host: 'ALEXPC', ip: '192.168.1.108', os.name: 'Windows 8.1', os.arch: 'amd64', os.version: '6.3', java.version: '11.0.15.1'
Driver info: org.openqa.selenium.chrome.ChromeDriver
Command: [6918f19afb30a192944c4f5dd4768f1e, findElement {using=id, value=dates}]
Capabilities {acceptInsecureCerts: false, browserName: chrome, browserVersion: 103.0.5060.114, chrome: {chromedriverVersion: 103.0.5060.53 (a1711811edd7..., userDataDir: C:\Users\alex\AppData\Local...}, goog:chromeOptions: {debuggerAddress: localhost:57754}, networkConnectionEnabled: false, pageLoadStrategy: normal, platformName: WINDOWS, proxy: Proxy(), se:cdp: ws://localhost:57754/devtoo..., se:cdpVersion: 103.0.5060.114, setWindowRect: true, strictFileInteractability: false, timeouts: {implicit: 0, pageLoad: 300000, script: 30000}, unhandledPromptBehavior: dismiss and notify, webauthn:extension:credBlob: true, webauthn:extension:largeBlob: true, webauthn:virtualAuthenticators: true}
Session ID: 6918f19afb30a192944c4f5dd4768f1e
18:49:19.674  INFO  manager.MyListener - WebDriver start find element -->By.cssSelector: .logo
