13:23:02.175  INFO  manager.ApplicationManager - All Tests run in Chrome Driver ------>
13:23:11.821  INFO  manager.ApplicationManager - Current Url --->https://ilcarro-1578153671498.web.app/search
13:23:12.375  INFO  tests.TestBase - Start test with name ---->searchAnyPeriod
13:23:12.389  INFO  manager.MyListener - WebDriver start find element -->By.id: city
13:23:15.806  INFO  manager.MyListener - WebDriver start find element -->By.cssSelector: .pac-item
13:23:16.065  INFO  manager.MyListener - WebDriver start find element -->By.id: dates
13:23:17.193  INFO  manager.MyListener - WebDriver start find element -->By.cssSelector: [aria-label='Next month']
13:23:18.602  INFO  manager.MyListener - WebDriver start find element -->By.cssSelector: [aria-label='Next month']
13:23:19.299  INFO  manager.MyListener - WebDriver start find element -->By.cssSelector: [aria-label='Next month']
13:23:19.898  INFO  manager.MyListener - WebDriver start find element -->By.cssSelector: [aria-label='Next month']
13:23:20.511  INFO  manager.MyListener - WebDriver start find element -->By.cssSelector: [aria-label='Next month']
13:23:21.061  INFO  manager.MyListener - WebDriver start find element -->By.cssSelector: [aria-label='Next month']
13:23:21.717  INFO  manager.MyListener - WebDriver start find element -->By.cssSelector: [aria-label='Next month']
13:23:22.049  INFO  manager.MyListener - WebDriver start find element -->By.cssSelector: [aria-label='Next month']
13:23:22.340  INFO  manager.MyListener - WebDriver start find element -->By.cssSelector: [aria-label='Next month']
13:23:23.123  INFO  manager.MyListener - WebDriver start find element -->By.cssSelector: [aria-label='Next month']
13:23:23.813  INFO  manager.MyListener - WebDriver start find element -->By.cssSelector: [aria-label='Next month']
13:23:24.277  INFO  manager.MyListener - WebDriver start find element -->By.xpath: //div[text()=' 10 ']
13:23:25.283  INFO  manager.MyListener - WebDriver start find element -->By.cssSelector: [aria-label='Next month']
13:23:26.139  INFO  manager.MyListener - WebDriver start find element -->By.cssSelector: [aria-label='Next month']
13:23:26.919  INFO  manager.MyListener - WebDriver start find element -->By.cssSelector: [aria-label='Next month']
13:23:27.195  INFO  manager.MyListener - WebDriver start find element -->By.cssSelector: [aria-label='Next month']
13:23:27.477  INFO  manager.MyListener - WebDriver start find element -->By.xpath: //div[text()=' 12 ']
13:23:28.618  INFO  manager.MyListener - WebDriver start find element -->By.cssSelector: button[type='submit']
13:23:29.357  INFO  manager.MyListener - WebDriver start find element -->By.cssSelector: button[type='submit']
13:23:35.358  INFO  manager.MyListener - New Before find by --> By.cssSelector: .car-img-container.ng-star-inserted
13:23:35.933  INFO  manager.MyListener - WebDriver start find element -->By.cssSelector: .logo
