19:02:22.566  INFO  manager.ApplicationManager - All Tests run in Chrome Driver ------>
19:02:38.131  INFO  manager.ApplicationManager - Current Url --->https://ilcarro-1578153671498.web.app/search
19:02:38.637  INFO  tests.TestBase - Start test with name ---->searchCurrentMonth
19:02:38.650  INFO  manager.MyListener - WebDriver start find element -->By.id: city
19:02:42.313  INFO  manager.MyListener - WebDriver start find element -->By.cssSelector: .pac-item
19:02:42.740  INFO  manager.MyListener - WebDriver start find element -->By.id: dates
19:02:43.521  INFO  manager.MyListener - WebDriver start find element -->By.xpath: //div[text()=' 27 ']
19:02:45.007  INFO  manager.MyListener - WebDriver start find element -->By.xpath: //div[text()=' 28 ']
19:02:45.421  INFO  manager.MyListener - WebDriver start find element -->By.cssSelector: button[type='submit']
19:02:46.010  INFO  manager.MyListener - WebDriver start find element -->By.cssSelector: button[type='submit']
19:02:48.377  INFO  manager.MyListener - New Before find by --> By.cssSelector: .car-img-container.ng-star-inserted
19:02:54.381  INFO  tests.TestBase - Start test with name ---->searchCurrentYear
19:02:59.401  INFO  manager.MyListener - WebDriver start find element -->By.id: city
19:03:04.633  INFO  manager.MyListener - WebDriver start find element -->By.cssSelector: .pac-item
19:03:08.936  INFO  manager.MyListener - WebDriver start find element -->By.id: dates
19:03:14.125  INFO  manager.MyListener - The name of method with error -->findElement
19:03:14.147  INFO  manager.MyListener - We have a problem ---> org.openqa.selenium.NoSuchElementException: no such element: Unable to locate element: {"method":"css selector","selector":"#dates"}
  (Session info: chrome=103.0.5060.114)
For documentation on this error, please visit: https://selenium.dev/exceptions/#no_such_element
Build info: version: '4.2.2', revision: '683ccb65d6'
System info: host: 'ALEXPC', ip: '192.168.1.108', os.name: 'Windows 8.1', os.arch: 'amd64', os.version: '6.3', java.version: '11.0.15.1'
Driver info: org.openqa.selenium.chrome.ChromeDriver
Command: [1cf66c94db9709629ba7f643fc855d0b, findElement {using=id, value=dates}]
Capabilities {acceptInsecureCerts: false, browserName: chrome, browserVersion: 103.0.5060.114, chrome: {chromedriverVersion: 103.0.5060.53 (a1711811edd7..., userDataDir: C:\Users\alex\AppData\Local...}, goog:chromeOptions: {debuggerAddress: localhost:58859}, networkConnectionEnabled: false, pageLoadStrategy: normal, platformName: WINDOWS, proxy: Proxy(), se:cdp: ws://localhost:58859/devtoo..., se:cdpVersion: 103.0.5060.114, setWindowRect: true, strictFileInteractability: false, timeouts: {implicit: 0, pageLoad: 300000, script: 30000}, unhandledPromptBehavior: dismiss and notify, webauthn:extension:credBlob: true, webauthn:extension:largeBlob: true, webauthn:virtualAuthenticators: true}
Session ID: 1cf66c94db9709629ba7f643fc855d0b
19:03:14.222  INFO  manager.MyListener - WebDriver start find element -->By.cssSelector: .logo
