18:59:55.291  INFO  manager.ApplicationManager - All Tests run in Chrome Driver ------>
19:00:32.623  INFO  manager.ApplicationManager - Current Url --->https://ilcarro-1578153671498.web.app/search
19:00:32.929  INFO  tests.TestBase - Start test with name ---->searchCurrentMonth
19:00:32.939  INFO  manager.MyListener - WebDriver start find element -->By.id: city
19:00:37.344  INFO  manager.MyListener - WebDriver start find element -->By.cssSelector: .pac-item
19:00:37.696  INFO  manager.MyListener - WebDriver start find element -->By.id: dates
19:00:39.165  INFO  manager.MyListener - WebDriver start find element -->By.xpath: //div[text()=' 27 ']
19:00:41.941  INFO  manager.MyListener - WebDriver start find element -->By.xpath: //div[text()=' 28 ']
19:00:42.343  INFO  manager.MyListener - WebDriver start find element -->By.cssSelector: button[type='submit']
19:00:42.664  INFO  manager.MyListener - WebDriver start find element -->By.cssSelector: button[type='submit']
19:00:44.525  INFO  manager.MyListener - New Before find by --> By.cssSelector: .car-img-container.ng-star-inserted
19:00:50.083  INFO  tests.TestBase - Start test with name ---->searchCurrentYear
19:00:50.088  INFO  manager.MyListener - WebDriver start find element -->By.id: city
19:00:54.310  INFO  manager.MyListener - WebDriver start find element -->By.cssSelector: .pac-item
19:00:55.331  INFO  manager.MyListener - WebDriver start find element -->By.id: dates
19:01:00.919  INFO  manager.MyListener - The name of method with error -->findElement
19:01:00.974  INFO  manager.MyListener - We have a problem ---> org.openqa.selenium.NoSuchElementException: no such element: Unable to locate element: {"method":"css selector","selector":"#dates"}
  (Session info: chrome=103.0.5060.114)
For documentation on this error, please visit: https://selenium.dev/exceptions/#no_such_element
Build info: version: '4.2.2', revision: '683ccb65d6'
System info: host: 'ALEXPC', ip: '192.168.1.108', os.name: 'Windows 8.1', os.arch: 'amd64', os.version: '6.3', java.version: '11.0.15.1'
Driver info: org.openqa.selenium.chrome.ChromeDriver
Command: [f81582813da41b888108a58132ca605d, findElement {using=id, value=dates}]
Capabilities {acceptInsecureCerts: false, browserName: chrome, browserVersion: 103.0.5060.114, chrome: {chromedriverVersion: 103.0.5060.53 (a1711811edd7..., userDataDir: C:\Users\alex\AppData\Local...}, goog:chromeOptions: {debuggerAddress: localhost:58458}, networkConnectionEnabled: false, pageLoadStrategy: normal, platformName: WINDOWS, proxy: Proxy(), se:cdp: ws://localhost:58458/devtoo..., se:cdpVersion: 103.0.5060.114, setWindowRect: true, strictFileInteractability: false, timeouts: {implicit: 0, pageLoad: 300000, script: 30000}, unhandledPromptBehavior: dismiss and notify, webauthn:extension:credBlob: true, webauthn:extension:largeBlob: true, webauthn:virtualAuthenticators: true}
Session ID: f81582813da41b888108a58132ca605d
19:01:00.991  INFO  manager.MyListener - WebDriver start find element -->By.cssSelector: .logo
