13:27:07.852  INFO  manager.ApplicationManager - All Tests run in Chrome Driver ------>
13:27:23.703  INFO  manager.ApplicationManager - Current Url --->https://ilcarro-1578153671498.web.app/search
13:27:24.213  INFO  tests.TestBase - Start test with name ---->searchAnyPeriod
13:27:24.238  INFO  manager.MyListener - WebDriver start find element -->By.id: city
13:27:27.564  INFO  manager.MyListener - WebDriver start find element -->By.cssSelector: .pac-item
13:27:28.147  INFO  manager.MyListener - WebDriver start find element -->By.id: dates
13:27:29.749  INFO  manager.MyListener - WebDriver start find element -->By.cssSelector: [aria-label='Next month']
13:27:30.481  INFO  manager.MyListener - WebDriver start find element -->By.xpath: //div[text()=' 10 ']
13:27:31.669  INFO  manager.MyListener - WebDriver start find element -->By.cssSelector: [aria-label='Next month']
13:27:32.146  INFO  manager.MyListener - WebDriver start find element -->By.cssSelector: [aria-label='Next month']
13:27:32.580  INFO  manager.MyListener - WebDriver start find element -->By.cssSelector: [aria-label='Next month']
13:27:33.233  INFO  manager.MyListener - WebDriver start find element -->By.cssSelector: [aria-label='Next month']
13:27:34.062  INFO  manager.MyListener - WebDriver start find element -->By.cssSelector: [aria-label='Next month']
13:27:34.626  INFO  manager.MyListener - WebDriver start find element -->By.cssSelector: [aria-label='Next month']
13:27:34.984  INFO  manager.MyListener - WebDriver start find element -->By.cssSelector: [aria-label='Next month']
13:27:35.445  INFO  manager.MyListener - WebDriver start find element -->By.xpath: //div[text()=' 20 ']
13:27:36.344  INFO  manager.MyListener - WebDriver start find element -->By.cssSelector: button[type='submit']
13:27:36.807  INFO  manager.MyListener - WebDriver start find element -->By.cssSelector: button[type='submit']
13:27:42.529  INFO  manager.MyListener - New Before find by --> By.cssSelector: .car-img-container.ng-star-inserted
13:27:45.551  INFO  manager.MyListener - WebDriver start find element -->By.cssSelector: .logo
